<?xml version="1.0" encoding="UTF-8"?>
<!-- Generated by org.testng.reporters.JUnitReportReporter -->
<testsuite hostname="SVROLP01518" failures="0" tests="8" name="CSL_BrowseResourceDirectory_SubjectsTest" time="561.627" errors="0" timestamp="2022-03-02T12:21:01 EET" skipped="0">
  <testcase classname="CSL_BrowseResourceDirectory_SubjectsTest" name="testC2464" time="48.187"/>
  <system-out/>
  <testcase classname="CSL_BrowseResourceDirectory_SubjectsTest" name="testC2465" time="137.060"/>
  <system-out/>
  <testcase classname="CSL_BrowseResourceDirectory_SubjectsTest" name="testC2471" time="37.154"/>
  <system-out/>
  <testcase classname="CSL_BrowseResourceDirectory_SubjectsTest" name="testC2467" time="63.136"/>
  <system-out/>
  <testcase classname="CSL_BrowseResourceDirectory_SubjectsTest" name="testC2468" time="78.000"/>
  <system-out/>
  <testcase classname="CSL_BrowseResourceDirectory_SubjectsTest" name="testC2470" time="57.501"/>
  <system-out/>
  <testcase classname="CSL_BrowseResourceDirectory_SubjectsTest" name="testC2466" time="68.369"/>
  <system-out/>
  <testcase classname="CSL_BrowseResourceDirectory_SubjectsTest" name="testC2469" time="72.220"/>
  <system-out/>
</testsuite> <!-- CSL_BrowseResourceDirectory_SubjectsTest -->
