<?xml version="1.0" encoding="UTF-8"?>
<!-- Generated by org.testng.reporters.JUnitReportReporter -->
<testsuite hostname="SVROLP01518" failures="0" tests="10" name="Cobb_SearchTest" time="1088.460" errors="0" timestamp="2022-03-15T18:03:26 EET" skipped="0">
  <testcase classname="Cobb_SearchTest" name="testC2632" time="101.385"/>
  <system-out/>
  <testcase classname="Cobb_SearchTest" name="testC2635" time="187.572"/>
  <system-out/>
  <testcase classname="Cobb_SearchTest" name="testC2637" time="185.898"/>
  <system-out/>
  <testcase classname="Cobb_SearchTest" name="testC2639" time="60.146"/>
  <system-out/>
  <testcase classname="Cobb_SearchTest" name="testC2636" time="189.035"/>
  <system-out/>
  <testcase classname="Cobb_SearchTest" name="testC2633" time="71.721"/>
  <system-out/>
  <testcase classname="Cobb_SearchTest" name="testC2630" time="82.255"/>
  <system-out/>
  <testcase classname="Cobb_SearchTest" name="testC2638" time="45.639"/>
  <system-out/>
  <testcase classname="Cobb_SearchTest" name="testC2631" time="106.777"/>
  <system-out/>
  <testcase classname="Cobb_SearchTest" name="testC2634" time="58.032"/>
  <system-out/>
</testsuite> <!-- Cobb_SearchTest -->
