<?xml version="1.0" encoding="UTF-8"?>
<!-- Generated by org.testng.reporters.JUnitReportReporter -->
<testsuite hostname="SVROLP01518" failures="0" tests="8" name="RSL_BrowseResourceDirectory_SubjectsTest" time="400.613" errors="0" timestamp="2022-03-02T11:56:43 EET" skipped="0">
  <testcase classname="RSL_BrowseResourceDirectory_SubjectsTest" name="testC2410" time="106.478"/>
  <system-out/>
  <testcase classname="RSL_BrowseResourceDirectory_SubjectsTest" name="testC2409" time="41.360"/>
  <system-out/>
  <testcase classname="RSL_BrowseResourceDirectory_SubjectsTest" name="testC2413" time="58.018"/>
  <system-out/>
  <testcase classname="RSL_BrowseResourceDirectory_SubjectsTest" name="testC2416" time="20.014"/>
  <system-out/>
  <testcase classname="RSL_BrowseResourceDirectory_SubjectsTest" name="testC2412" time="45.954"/>
  <system-out/>
  <testcase classname="RSL_BrowseResourceDirectory_SubjectsTest" name="testC2414" time="40.415"/>
  <system-out/>
  <testcase classname="RSL_BrowseResourceDirectory_SubjectsTest" name="testC2411" time="46.902"/>
  <system-out/>
  <testcase classname="RSL_BrowseResourceDirectory_SubjectsTest" name="testC2415" time="41.472"/>
  <system-out/>
</testsuite> <!-- RSL_BrowseResourceDirectory_SubjectsTest -->
