<?xml version="1.0" encoding="UTF-8"?>
<!-- Generated by org.testng.reporters.JUnitReportReporter -->
<testsuite hostname="SVROLP01518" failures="0" tests="12" name="User_RrpSearchTest" time="900.178" errors="0" timestamp="2022-03-17T12:06:18 EET" skipped="0">
  <testcase classname="User_RrpSearchTest" name="testC2286" time="76.084"/>
  <system-out/>
  <testcase classname="User_RrpSearchTest" name="testC2282" time="85.574"/>
  <system-out/>
  <testcase classname="User_RrpSearchTest" name="testC2283" time="45.381"/>
  <system-out/>
  <testcase classname="User_RrpSearchTest" name="testC2288" time="113.570"/>
  <system-out/>
  <testcase classname="User_RrpSearchTest" name="testC2285" time="44.219"/>
  <system-out/>
  <testcase classname="User_RrpSearchTest" name="testC2278" time="67.814"/>
  <system-out/>
  <testcase classname="User_RrpSearchTest" name="testC2280" time="104.031"/>
  <system-out/>
  <testcase classname="User_RrpSearchTest" name="testC2287" time="63.533"/>
  <system-out/>
  <testcase classname="User_RrpSearchTest" name="testC2281" time="102.738"/>
  <system-out/>
  <testcase classname="User_RrpSearchTest" name="testC2277" time="61.515"/>
  <system-out/>
  <testcase classname="User_RrpSearchTest" name="testC2279" time="71.754"/>
  <system-out/>
  <testcase classname="User_RrpSearchTest" name="testC2284" time="63.965"/>
  <system-out/>
</testsuite> <!-- User_RrpSearchTest -->
