<?xml version="1.0" encoding="UTF-8"?>
<!-- Generated by org.testng.reporters.JUnitReportReporter -->
<testsuite hostname="SVROLP01518" failures="0" tests="10" name="Cobb_RrpSearchTest" time="720.830" errors="0" timestamp="2022-03-02T11:36:45 EET" skipped="0">
  <testcase classname="Cobb_RrpSearchTest" name="testC2572" time="79.891"/>
  <system-out/>
  <testcase classname="Cobb_RrpSearchTest" name="testC2567" time="71.440"/>
  <system-out/>
  <testcase classname="Cobb_RrpSearchTest" name="testC2565" time="69.026"/>
  <system-out/>
  <testcase classname="Cobb_RrpSearchTest" name="testC2571" time="74.187"/>
  <system-out/>
  <testcase classname="Cobb_RrpSearchTest" name="testC2570" time="67.940"/>
  <system-out/>
  <testcase classname="Cobb_RrpSearchTest" name="testC2566" time="72.032"/>
  <system-out/>
  <testcase classname="Cobb_RrpSearchTest" name="testC2574" time="75.147"/>
  <system-out/>
  <testcase classname="Cobb_RrpSearchTest" name="testC2569" time="67.497"/>
  <system-out/>
  <testcase classname="Cobb_RrpSearchTest" name="testC2573" time="72.699"/>
  <system-out/>
  <testcase classname="Cobb_RrpSearchTest" name="testC2568" time="70.971"/>
  <system-out/>
</testsuite> <!-- Cobb_RrpSearchTest -->
