<?xml version="1.0" encoding="UTF-8"?>
<!-- Generated by org.testng.reporters.JUnitReportReporter -->
<testsuite hostname="SVROLP01518" failures="0" tests="8" name="User_FooterTest" time="229.684" errors="0" timestamp="2022-03-17T12:06:18 EET" skipped="0">
  <testcase classname="User_FooterTest" name="testC2261" time="20.495"/>
  <system-out/>
  <testcase classname="User_FooterTest" name="testC2265" time="20.385"/>
  <system-out/>
  <testcase classname="User_FooterTest" name="testC2266" time="24.186"/>
  <system-out/>
  <testcase classname="User_FooterTest" name="testC2268" time="24.849"/>
  <system-out/>
  <testcase classname="User_FooterTest" name="testC2264" time="33.220"/>
  <system-out/>
  <testcase classname="User_FooterTest" name="testC2263" time="41.558"/>
  <system-out/>
  <testcase classname="User_FooterTest" name="testC2262" time="49.791"/>
  <system-out/>
  <testcase classname="User_FooterTest" name="testC2267" time="15.200"/>
  <system-out/>
</testsuite> <!-- User_FooterTest -->
