<?xml version="1.0" encoding="UTF-8"?>
<!-- Generated by org.testng.reporters.JUnitReportReporter -->
<testsuite hostname="SVROLP01518" failures="0" tests="1" name="User_PublishFolderTest" time="110.171" errors="0" timestamp="2022-03-17T12:22:59 EET" skipped="0">
  <testcase classname="User_PublishFolderTest" name="testC2210" time="110.171"/>
  <system-out/>
</testsuite> <!-- User_PublishFolderTest -->
