<?xml version="1.0" encoding="UTF-8"?>
<!-- Generated by org.testng.reporters.JUnitReportReporter -->
<testsuite hostname="SVROLP01518" failures="0" tests="4" name="User_HeaderTest" time="337.490" errors="0" timestamp="2022-03-17T12:06:18 EET" skipped="0">
  <testcase classname="User_HeaderTest" name="testC2259" time="48.057"/>
  <system-out/>
  <testcase classname="User_HeaderTest" name="testC2260" time="47.048"/>
  <system-out/>
  <testcase classname="User_HeaderTest" name="testC2258" time="131.660"/>
  <system-out/>
  <testcase classname="User_HeaderTest" name="testC2257" time="110.725"/>
  <system-out/>
</testsuite> <!-- User_HeaderTest -->
