<?xml version="1.0" encoding="UTF-8"?>
<!-- Generated by org.testng.reporters.JUnitReportReporter -->
<testsuite hostname="SVROLP01518" failures="0" tests="1" name="Admin_CleanCms" time="244.806" errors="0" timestamp="2022-03-15T13:41:41 EET" skipped="0">
  <testcase classname="Admin_CleanCms" name="cleanCmsForAllAccountFromTestData" time="244.806"/>
  <system-out/>
</testsuite> <!-- Admin_CleanCms -->
