<?xml version="1.0" encoding="UTF-8"?>
<!-- Generated by org.testng.reporters.JUnitReportReporter -->
<testsuite hostname="SVROLP01518" failures="0" tests="12" name="RSL_HomepageTest" time="765.501" errors="0" timestamp="2022-03-15T18:17:15 EET" skipped="0">
  <testcase classname="RSL_HomepageTest" name="testLessonp_5302" time="29.104"/>
  <system-out/>
  <testcase classname="RSL_HomepageTest" name="testLessonp_5290" time="27.519"/>
  <system-out/>
  <testcase classname="RSL_HomepageTest" name="testLessonp_5297" time="40.210"/>
  <system-out/>
  <testcase classname="RSL_HomepageTest" name="testLessonp_5298" time="40.976"/>
  <system-out/>
  <testcase classname="RSL_HomepageTest" name="testLessonp_5291" time="307.861"/>
  <system-out/>
  <testcase classname="RSL_HomepageTest" name="testLessonp_5296" time="43.822"/>
  <system-out/>
  <testcase classname="RSL_HomepageTest" name="testLessonp_5295" time="108.294"/>
  <system-out/>
  <testcase classname="RSL_HomepageTest" name="testLessonp_5289" time="25.222"/>
  <system-out/>
  <testcase classname="RSL_HomepageTest" name="testLessonp_5286" time="34.725"/>
  <system-out/>
  <testcase classname="RSL_HomepageTest" name="testLessonp_5300" time="32.858"/>
  <system-out/>
  <testcase classname="RSL_HomepageTest" name="testLessonp_5301" time="33.325"/>
  <system-out/>
  <testcase classname="RSL_HomepageTest" name="testLessonp_5288" time="41.585"/>
  <system-out/>
</testsuite> <!-- RSL_HomepageTest -->
