<?xml version="1.0" encoding="UTF-8"?>
<!-- Generated by org.testng.reporters.JUnitReportReporter -->
<testsuite hostname="SVROLP01518" failures="0" tests="3" name="RSL_FooterTest" time="66.580" errors="0" timestamp="2022-03-15T18:17:14 EET" skipped="0">
  <testcase classname="RSL_FooterTest" name="testC2344" time="17.344"/>
  <system-out/>
  <testcase classname="RSL_FooterTest" name="testC2345" time="32.050"/>
  <system-out/>
  <testcase classname="RSL_FooterTest" name="testC2346" time="17.186"/>
  <system-out/>
</testsuite> <!-- RSL_FooterTest -->
