<?xml version="1.0" encoding="UTF-8"?>
<!-- Generated by org.testng.reporters.JUnitReportReporter -->
<testsuite hostname="SVROLP01518" failures="0" tests="4" name="User_AccountManagement_CreateFreeMemberAccountTest" time="133.980" errors="0" timestamp="2022-03-17T09:39:11 EET" skipped="0">
  <testcase classname="User_AccountManagement_CreateFreeMemberAccountTest" name="testC2443" time="20.460"/>
  <system-out/>
  <testcase classname="User_AccountManagement_CreateFreeMemberAccountTest" name="testC2445" time="32.323"/>
  <system-out/>
  <testcase classname="User_AccountManagement_CreateFreeMemberAccountTest" name="testC2446" time="43.512"/>
  <system-out/>
  <testcase classname="User_AccountManagement_CreateFreeMemberAccountTest" name="testC2444" time="37.685"/>
  <system-out/>
</testsuite> <!-- User_AccountManagement_CreateFreeMemberAccountTest -->
