<?xml version="1.0" encoding="UTF-8"?>
<!-- Generated by org.testng.reporters.JUnitReportReporter -->
<testsuite hostname="SVROLP01518" failures="0" tests="4" name="Cobb_SharedWithMe_CanViewTest" time="250.894" errors="0" timestamp="2022-03-02T11:36:45 EET" skipped="0">
  <testcase classname="Cobb_SharedWithMe_CanViewTest" name="testC2559" time="17.767"/>
  <system-out/>
  <testcase classname="Cobb_SharedWithMe_CanViewTest" name="testC2560" time="101.690"/>
  <system-out/>
  <testcase classname="Cobb_SharedWithMe_CanViewTest" name="testC2561" time="59.156"/>
  <system-out/>
  <testcase classname="Cobb_SharedWithMe_CanViewTest" name="testC2562" time="72.281"/>
  <system-out/>
</testsuite> <!-- Cobb_SharedWithMe_CanViewTest -->
