<?xml version="1.0" encoding="UTF-8"?>
<!-- Generated by org.testng.reporters.JUnitReportReporter -->
<testsuite hostname="SVROLP01518" failures="0" tests="5" name="RSL_BrowseResourceDirectory_MainPageTest" time="333.480" errors="0" timestamp="2022-03-15T18:17:14 EET" skipped="0">
  <testcase classname="RSL_BrowseResourceDirectory_MainPageTest" name="testC2405" time="43.814"/>
  <system-out/>
  <testcase classname="RSL_BrowseResourceDirectory_MainPageTest" name="testC2404" time="57.526"/>
  <system-out/>
  <testcase classname="RSL_BrowseResourceDirectory_MainPageTest" name="testC2406" time="176.285"/>
  <system-out/>
  <testcase classname="RSL_BrowseResourceDirectory_MainPageTest" name="testC2407" time="21.077"/>
  <system-out/>
  <testcase classname="RSL_BrowseResourceDirectory_MainPageTest" name="testC2408" time="34.778"/>
  <system-out/>
</testsuite> <!-- RSL_BrowseResourceDirectory_MainPageTest -->
