<?xml version="1.0" encoding="UTF-8"?>
<!-- Generated by org.testng.reporters.JUnitReportReporter -->
<testsuite hostname="SVROLP01518" failures="0" tests="7" name="CSL_AdminManager_AccountsRosterOnTest" time="549.314" errors="0" timestamp="2022-03-15T18:45:40 EET" skipped="0">
  <testcase classname="CSL_AdminManager_AccountsRosterOnTest" name="testC2530" time="154.181"/>
  <system-out/>
  <testcase classname="CSL_AdminManager_AccountsRosterOnTest" name="testC2528" time="44.293"/>
  <system-out/>
  <testcase classname="CSL_AdminManager_AccountsRosterOnTest" name="testC2531" time="80.138"/>
  <system-out/>
  <testcase classname="CSL_AdminManager_AccountsRosterOnTest" name="testC2534" time="57.094"/>
  <system-out/>
  <testcase classname="CSL_AdminManager_AccountsRosterOnTest" name="testC2529" time="73.696"/>
  <system-out/>
  <testcase classname="CSL_AdminManager_AccountsRosterOnTest" name="testC2533" time="34.332"/>
  <system-out/>
  <testcase classname="CSL_AdminManager_AccountsRosterOnTest" name="testC2532" time="105.580"/>
  <system-out/>
</testsuite> <!-- CSL_AdminManager_AccountsRosterOnTest -->
