<?xml version="1.0" encoding="UTF-8"?>
<!-- Generated by org.testng.reporters.JUnitReportReporter -->
<testsuite hostname="SVROLP01518" failures="0" tests="3" name="RSL_SharedWithMe_CanEditTest" time="302.295" errors="0" timestamp="2022-03-15T18:17:14 EET" skipped="0">
  <testcase classname="RSL_SharedWithMe_CanEditTest" name="testC2327" time="110.062"/>
  <system-out/>
  <testcase classname="RSL_SharedWithMe_CanEditTest" name="testC2328" time="76.963"/>
  <system-out/>
  <testcase classname="RSL_SharedWithMe_CanEditTest" name="testC2329" time="115.270"/>
  <system-out/>
</testsuite> <!-- RSL_SharedWithMe_CanEditTest -->
