<?xml version="1.0" encoding="UTF-8"?>
<!-- Generated by org.testng.reporters.JUnitReportReporter -->
<testsuite hostname="SVROLP01518" failures="0" tests="1" name="RSL_CollectionPlayerTest" time="115.811" errors="0" timestamp="2022-03-15T18:21:20 EET" skipped="0">
  <testcase classname="RSL_CollectionPlayerTest" name="testC2429" time="115.811"/>
  <system-out/>
</testsuite> <!-- RSL_CollectionPlayerTest -->
