<?xml version="1.0" encoding="UTF-8"?>
<!-- Generated by org.testng.reporters.JUnitReportReporter -->
<testsuite hostname="SVROLP01518" failures="0" tests="7" name="RSL_AdminManager_AccountsTest" time="498.997" errors="0" timestamp="2022-03-02T11:56:43 EET" skipped="0">
  <testcase classname="RSL_AdminManager_AccountsTest" name="testC2403" time="69.689"/>
  <system-out/>
  <testcase classname="RSL_AdminManager_AccountsTest" name="testC2399" time="125.622"/>
  <system-out/>
  <testcase classname="RSL_AdminManager_AccountsTest" name="testC2341" time="39.674"/>
  <system-out/>
  <testcase classname="RSL_AdminManager_AccountsTest" name="testC2398" time="85.736"/>
  <system-out/>
  <testcase classname="RSL_AdminManager_AccountsTest" name="testC2340" time="69.283"/>
  <system-out/>
  <testcase classname="RSL_AdminManager_AccountsTest" name="testC2402" time="63.916"/>
  <system-out/>
  <testcase classname="RSL_AdminManager_AccountsTest" name="testC2397" time="45.077"/>
  <system-out/>
</testsuite> <!-- RSL_AdminManager_AccountsTest -->
