<?xml version="1.0" encoding="UTF-8"?>
<!-- Generated by org.testng.reporters.JUnitReportReporter -->
<testsuite hostname="SVROLP01518" failures="0" tests="1" name="CSL_CalendarTest" time="185.672" errors="0" timestamp="2022-03-15T18:45:40 EET" skipped="0">
  <testcase classname="CSL_CalendarTest" name="testC2463" time="185.672"/>
  <system-out/>
</testsuite> <!-- CSL_CalendarTest -->
