<?xml version="1.0" encoding="UTF-8"?>
<!-- Generated by org.testng.reporters.JUnitReportReporter -->
<testsuite hostname="SVROLP01518" failures="0" tests="1" name="Cobb_AdminManager_ContentTest" time="198.821" errors="0" timestamp="2022-03-15T18:17:14 EET" skipped="0">
  <testcase classname="Cobb_AdminManager_ContentTest" name="testC2602" time="198.821"/>
  <system-out/>
</testsuite> <!-- Cobb_AdminManager_ContentTest -->
