<?xml version="1.0" encoding="UTF-8"?>
<!-- Generated by org.testng.reporters.JUnitReportReporter -->
<testsuite hostname="SVROLP01518" failures="0" tests="5" name="CSL_EditFolderTest" time="618.613" errors="0" timestamp="2022-03-02T12:21:01 EET" skipped="0">
  <testcase classname="CSL_EditFolderTest" name="testC2483" time="210.208"/>
  <system-out/>
  <testcase classname="CSL_EditFolderTest" name="testC24822" time="123.326"/>
  <system-out/>
  <testcase classname="CSL_EditFolderTest" name="testC2485" time="63.295"/>
  <system-out/>
  <testcase classname="CSL_EditFolderTest" name="testC2484" time="164.271"/>
  <system-out/>
  <testcase classname="CSL_EditFolderTest" name="testC2481" time="57.513"/>
  <system-out/>
</testsuite> <!-- CSL_EditFolderTest -->
