<?xml version="1.0" encoding="UTF-8"?>
<!-- Generated by org.testng.reporters.JUnitReportReporter -->
<testsuite hostname="SVROLP01518" failures="0" tests="4" name="CSL_SharedWithMe_CanViewTest" time="317.496" errors="0" timestamp="2022-03-15T18:45:40 EET" skipped="0">
  <testcase classname="CSL_SharedWithMe_CanViewTest" name="testC2553" time="30.771"/>
  <system-out/>
  <testcase classname="CSL_SharedWithMe_CanViewTest" name="testC2554" time="126.855"/>
  <system-out/>
  <testcase classname="CSL_SharedWithMe_CanViewTest" name="testC2555" time="75.737"/>
  <system-out/>
  <testcase classname="CSL_SharedWithMe_CanViewTest" name="testC2556" time="84.133"/>
  <system-out/>
</testsuite> <!-- CSL_SharedWithMe_CanViewTest -->
