<?xml version="1.0" encoding="UTF-8"?>
<!-- Generated by org.testng.reporters.JUnitReportReporter -->
<testsuite hostname="SVROLP01518" failures="0" tests="6" name="User_EditFolderTest" time="595.945" errors="0" timestamp="2022-03-17T12:06:18 EET" skipped="0">
  <testcase classname="User_EditFolderTest" name="testC2246" time="54.322"/>
  <system-out/>
  <testcase classname="User_EditFolderTest" name="testC2252" time="59.629"/>
  <system-out/>
  <testcase classname="User_EditFolderTest" name="testC2248" time="97.941"/>
  <system-out/>
  <testcase classname="User_EditFolderTest" name="testC2251" time="163.438"/>
  <system-out/>
  <testcase classname="User_EditFolderTest" name="testC2247" time="79.601"/>
  <system-out/>
  <testcase classname="User_EditFolderTest" name="testC2249" time="141.014"/>
  <system-out/>
</testsuite> <!-- User_EditFolderTest -->
