<?xml version="1.0" encoding="UTF-8"?>
<!-- Generated by org.testng.reporters.JUnitReportReporter -->
<testsuite hostname="SVROLP01518" failures="0" tests="2" name="CSL_CollectionBuilderTest" time="303.406" errors="0" timestamp="2022-03-15T18:45:40 EET" skipped="0">
  <testcase classname="CSL_CollectionBuilderTest" name="testC2478" time="156.194"/>
  <system-out/>
  <testcase classname="CSL_CollectionBuilderTest" name="testC2477" time="147.212"/>
  <system-out/>
</testsuite> <!-- CSL_CollectionBuilderTest -->
