<?xml version="1.0" encoding="UTF-8"?>
<!-- Generated by org.testng.reporters.JUnitReportReporter -->
<testsuite hostname="SVROLP01518" failures="0" tests="8" name="Cobb_BrowseResourceDirectory_SubjectsTest" time="749.804" errors="0" timestamp="2022-03-02T11:36:45 EET" skipped="0">
  <testcase classname="Cobb_BrowseResourceDirectory_SubjectsTest" name="testC2610" time="78.730"/>
  <system-out/>
  <testcase classname="Cobb_BrowseResourceDirectory_SubjectsTest" name="testC2613" time="105.728"/>
  <system-out/>
  <testcase classname="Cobb_BrowseResourceDirectory_SubjectsTest" name="testC2611" time="161.512"/>
  <system-out/>
  <testcase classname="Cobb_BrowseResourceDirectory_SubjectsTest" name="testC2616" time="54.903"/>
  <system-out/>
  <testcase classname="Cobb_BrowseResourceDirectory_SubjectsTest" name="testC2615" time="92.256"/>
  <system-out/>
  <testcase classname="Cobb_BrowseResourceDirectory_SubjectsTest" name="testC2617" time="46.337"/>
  <system-out/>
  <testcase classname="Cobb_BrowseResourceDirectory_SubjectsTest" name="testC2614" time="94.086"/>
  <system-out/>
  <testcase classname="Cobb_BrowseResourceDirectory_SubjectsTest" name="testC2612" time="116.252"/>
  <system-out/>
</testsuite> <!-- Cobb_BrowseResourceDirectory_SubjectsTest -->
