<?xml version="1.0" encoding="UTF-8"?>
<!-- Generated by org.testng.reporters.JUnitReportReporter -->
<testsuite hostname="SVROLP01518" failures="0" tests="3" name="CSL_SharedWithMe_CanEditTest" time="329.858" errors="0" timestamp="2022-03-02T12:21:00 EET" skipped="0">
  <testcase classname="CSL_SharedWithMe_CanEditTest" name="testC2453" time="132.415"/>
  <system-out/>
  <testcase classname="CSL_SharedWithMe_CanEditTest" name="testC2454" time="83.446"/>
  <system-out/>
  <testcase classname="CSL_SharedWithMe_CanEditTest" name="testC2455" time="113.997"/>
  <system-out/>
</testsuite> <!-- CSL_SharedWithMe_CanEditTest -->
