<?xml version="1.0" encoding="UTF-8"?>
<!-- Generated by org.testng.reporters.JUnitReportReporter -->
<testsuite hostname="SVROLP01518" failures="0" tests="1" name="User_CurriculumManagerPageTest" time="210.646" errors="0" timestamp="2022-03-17T12:18:35 EET" skipped="0">
  <testcase classname="User_CurriculumManagerPageTest" name="testC2239" time="210.646"/>
  <system-out/>
</testsuite> <!-- User_CurriculumManagerPageTest -->
