<?xml version="1.0" encoding="UTF-8"?>
<!-- Generated by org.testng.reporters.JUnitReportReporter -->
<testsuite hostname="SVROLP01518" failures="0" tests="1" name="Cobb_PublishFolderTest" time="181.642" errors="0" timestamp="2022-03-15T18:21:25 EET" skipped="0">
  <testcase classname="Cobb_PublishFolderTest" name="testC2594" time="181.642"/>
  <system-out/>
</testsuite> <!-- Cobb_PublishFolderTest -->
