<?xml version="1.0" encoding="UTF-8"?>
<!-- Generated by org.testng.reporters.JUnitReportReporter -->
<testsuite hostname="SVROLP01518" failures="0" tests="4" name="User_AccountManagement_CreateFreeMemberAccountTest" time="423.668" errors="0" timestamp="2022-03-02T10:21:01 EET" skipped="0">
  <testcase classname="User_AccountManagement_CreateFreeMemberAccountTest" name="testC2446" time="88.443"/>
  <system-out/>
  <testcase classname="User_AccountManagement_CreateFreeMemberAccountTest" name="testC2448" time="121.674"/>
  <system-out/>
  <testcase classname="User_AccountManagement_CreateFreeMemberAccountTest" name="testC2447" time="113.611"/>
  <system-out/>
  <testcase classname="User_AccountManagement_CreateFreeMemberAccountTest" name="testC2430" time="99.940"/>
  <system-out/>
</testsuite> <!-- User_AccountManagement_CreateFreeMemberAccountTest -->
