<?xml version="1.0" encoding="UTF-8"?>
<!-- Generated by org.testng.reporters.JUnitReportReporter -->
<testsuite hostname="SVROLP01518" failures="0" tests="7" name="RSL_AdminManager_AccountsTest" time="522.618" errors="0" timestamp="2022-03-15T18:17:14 EET" skipped="0">
  <testcase classname="RSL_AdminManager_AccountsTest" name="testC2340" time="74.511"/>
  <system-out/>
  <testcase classname="RSL_AdminManager_AccountsTest" name="testC2403" time="83.256"/>
  <system-out/>
  <testcase classname="RSL_AdminManager_AccountsTest" name="testC2402" time="78.519"/>
  <system-out/>
  <testcase classname="RSL_AdminManager_AccountsTest" name="testC2398" time="78.531"/>
  <system-out/>
  <testcase classname="RSL_AdminManager_AccountsTest" name="testC2341" time="39.709"/>
  <system-out/>
  <testcase classname="RSL_AdminManager_AccountsTest" name="testC2397" time="51.594"/>
  <system-out/>
  <testcase classname="RSL_AdminManager_AccountsTest" name="testC2399" time="116.498"/>
  <system-out/>
</testsuite> <!-- RSL_AdminManager_AccountsTest -->
