<?xml version="1.0" encoding="UTF-8"?>
<!-- Generated by org.testng.reporters.JUnitReportReporter -->
<testsuite hostname="SVROLP01518" failures="0" tests="7" name="CSL_PublishFolderTest" time="1012.674" errors="0" timestamp="2022-03-15T18:45:40 EET" skipped="0">
  <testcase classname="CSL_PublishFolderTest" name="testC2458" time="143.090"/>
  <system-out/>
  <testcase classname="CSL_PublishFolderTest" name="testC2461" time="170.377"/>
  <system-out/>
  <testcase classname="CSL_PublishFolderTest" name="testC2457" time="136.962"/>
  <system-out/>
  <testcase classname="CSL_PublishFolderTest" name="testC24596" time="159.975"/>
  <system-out/>
  <testcase classname="CSL_PublishFolderTest" name="testC2462" time="124.904"/>
  <system-out/>
  <testcase classname="CSL_PublishFolderTest" name="testC2456" time="108.866"/>
  <system-out/>
  <testcase classname="CSL_PublishFolderTest" name="testC2460" time="168.500"/>
  <system-out/>
</testsuite> <!-- CSL_PublishFolderTest -->
