<?xml version="1.0" encoding="UTF-8"?>
<!-- Generated by org.testng.reporters.JUnitReportReporter -->
<testsuite hostname="SVROLP01518" failures="0" tests="4" name="RSL_AdminManager_ContentTest" time="197.712" errors="0" timestamp="2022-03-02T11:56:43 EET" skipped="0">
  <testcase classname="RSL_AdminManager_ContentTest" name="testC2372" time="45.160"/>
  <system-out/>
  <testcase classname="RSL_AdminManager_ContentTest" name="testC2374" time="31.146"/>
  <system-out/>
  <testcase classname="RSL_AdminManager_ContentTest" name="testC2373" time="68.264"/>
  <system-out/>
  <testcase classname="RSL_AdminManager_ContentTest" name="testC2375" time="53.142"/>
  <system-out/>
</testsuite> <!-- RSL_AdminManager_ContentTest -->
