<?xml version="1.0" encoding="UTF-8"?>
<!-- Generated by org.testng.reporters.JUnitReportReporter -->
<testsuite hostname="SVROLP01518" failures="0" tests="8" name="Cobb_BrowseResourceDirectory_SubjectsTest" time="582.442" errors="0" timestamp="2022-03-15T18:03:26 EET" skipped="0">
  <testcase classname="Cobb_BrowseResourceDirectory_SubjectsTest" name="testC2614" time="91.093"/>
  <system-out/>
  <testcase classname="Cobb_BrowseResourceDirectory_SubjectsTest" name="testC2612" time="82.855"/>
  <system-out/>
  <testcase classname="Cobb_BrowseResourceDirectory_SubjectsTest" name="testC2613" time="87.885"/>
  <system-out/>
  <testcase classname="Cobb_BrowseResourceDirectory_SubjectsTest" name="testC2615" time="79.298"/>
  <system-out/>
  <testcase classname="Cobb_BrowseResourceDirectory_SubjectsTest" name="testC2617" time="33.428"/>
  <system-out/>
  <testcase classname="Cobb_BrowseResourceDirectory_SubjectsTest" name="testC2610" time="45.653"/>
  <system-out/>
  <testcase classname="Cobb_BrowseResourceDirectory_SubjectsTest" name="testC2616" time="48.757"/>
  <system-out/>
  <testcase classname="Cobb_BrowseResourceDirectory_SubjectsTest" name="testC2611" time="113.473"/>
  <system-out/>
</testsuite> <!-- Cobb_BrowseResourceDirectory_SubjectsTest -->
