<?xml version="1.0" encoding="UTF-8"?>
<!-- Generated by org.testng.reporters.JUnitReportReporter -->
<testsuite hostname="SVROLP01518" failures="0" tests="6" name="User_EditFolderTest" time="643.852" errors="0" timestamp="2022-03-02T12:15:58 EET" skipped="0">
  <testcase classname="User_EditFolderTest" name="testC2252" time="61.998"/>
  <system-out/>
  <testcase classname="User_EditFolderTest" name="testC2249" time="152.438"/>
  <system-out/>
  <testcase classname="User_EditFolderTest" name="testC2246" time="67.251"/>
  <system-out/>
  <testcase classname="User_EditFolderTest" name="testC2248" time="108.553"/>
  <system-out/>
  <testcase classname="User_EditFolderTest" name="testC2251" time="147.800"/>
  <system-out/>
  <testcase classname="User_EditFolderTest" name="testC2247" time="105.812"/>
  <system-out/>
</testsuite> <!-- User_EditFolderTest -->
