<?xml version="1.0" encoding="UTF-8"?>
<!-- Generated by org.testng.reporters.JUnitReportReporter -->
<testsuite hostname="SVROLP01518" failures="0" tests="12" name="User_RrpSearchTest" time="771.900" errors="0" timestamp="2022-03-02T12:15:58 EET" skipped="0">
  <testcase classname="User_RrpSearchTest" name="testC2284" time="54.657"/>
  <system-out/>
  <testcase classname="User_RrpSearchTest" name="testC2287" time="53.585"/>
  <system-out/>
  <testcase classname="User_RrpSearchTest" name="testC2282" time="76.385"/>
  <system-out/>
  <testcase classname="User_RrpSearchTest" name="testC2279" time="65.377"/>
  <system-out/>
  <testcase classname="User_RrpSearchTest" name="testC2280" time="76.734"/>
  <system-out/>
  <testcase classname="User_RrpSearchTest" name="testC2285" time="38.381"/>
  <system-out/>
  <testcase classname="User_RrpSearchTest" name="testC2288" time="111.482"/>
  <system-out/>
  <testcase classname="User_RrpSearchTest" name="testC2286" time="66.305"/>
  <system-out/>
  <testcase classname="User_RrpSearchTest" name="testC2283" time="36.922"/>
  <system-out/>
  <testcase classname="User_RrpSearchTest" name="testC2277" time="58.788"/>
  <system-out/>
  <testcase classname="User_RrpSearchTest" name="testC2278" time="56.994"/>
  <system-out/>
  <testcase classname="User_RrpSearchTest" name="testC2281" time="76.290"/>
  <system-out/>
</testsuite> <!-- User_RrpSearchTest -->
