<?xml version="1.0" encoding="UTF-8"?>
<!-- Generated by org.testng.reporters.JUnitReportReporter -->
<testsuite hostname="SVROLP01518" failures="0" tests="7" name="CSL_AdminManager_AccountsRosterOnTest" time="562.008" errors="0" timestamp="2022-03-02T12:21:01 EET" skipped="0">
  <testcase classname="CSL_AdminManager_AccountsRosterOnTest" name="testC2534" time="59.583"/>
  <system-out/>
  <testcase classname="CSL_AdminManager_AccountsRosterOnTest" name="testC2528" time="41.086"/>
  <system-out/>
  <testcase classname="CSL_AdminManager_AccountsRosterOnTest" name="testC2531" time="86.678"/>
  <system-out/>
  <testcase classname="CSL_AdminManager_AccountsRosterOnTest" name="testC2530" time="150.294"/>
  <system-out/>
  <testcase classname="CSL_AdminManager_AccountsRosterOnTest" name="testC2532" time="102.749"/>
  <system-out/>
  <testcase classname="CSL_AdminManager_AccountsRosterOnTest" name="testC2529" time="87.153"/>
  <system-out/>
  <testcase classname="CSL_AdminManager_AccountsRosterOnTest" name="testC2533" time="34.465"/>
  <system-out/>
</testsuite> <!-- CSL_AdminManager_AccountsRosterOnTest -->
