<?xml version="1.0" encoding="UTF-8"?>
<!-- Generated by org.testng.reporters.JUnitReportReporter -->
<testsuite hostname="SVROLP01518" failures="0" tests="5" name="User_BrowseResourceDirectory_SubjectsTest" time="555.137" errors="1" timestamp="2022-03-02T12:15:58 EET" skipped="0">
  <testcase classname="User_BrowseResourceDirectory_SubjectsTest" name="testC2289" time="58.937"/>
  <system-out/>
  <testcase classname="User_BrowseResourceDirectory_SubjectsTest" name="testC2292" time="56.359"/>
  <system-out/>
  <testcase classname="User_BrowseResourceDirectory_SubjectsTest" name="testC2290" time="313.687"/>
  <system-out/>
  <testcase classname="User_BrowseResourceDirectory_SubjectsTest" name="testC2291" time="78.597"/>
  <system-out/>
  <testcase classname="User_BrowseResourceDirectory_SubjectsTest" name="testC2293" time="47.557">
    <error type="java.lang.NullPointerException">
      <![CDATA[java.lang.NullPointerException
at org.openqa.selenium.remote.RemoteWebElement.isDisplayed(RemoteWebElement.java:323)
at org.openqa.selenium.support.ui.ExpectedConditions.elementIfVisible(ExpectedConditions.java:315)
at org.openqa.selenium.support.ui.ExpectedConditions.access$100(ExpectedConditions.java:44)
at org.openqa.selenium.support.ui.ExpectedConditions$7.apply(ExpectedConditions.java:206)
at org.openqa.selenium.support.ui.ExpectedConditions$7.apply(ExpectedConditions.java:202)
at org.openqa.selenium.support.ui.FluentWait.until(FluentWait.java:208)
at com.lessonplanet.pages.LpUiBasePage.waitForElement(LpUiBasePage.java:114)
at com.lessonplanet.pages.LpUiBasePage.findElement(LpUiBasePage.java:30)
at com.lessonplanet.pages.LpUiBasePage.openInANewTab(LpUiBasePage.java:511)
at com.lessonplanet.pages.LpUiBasePage.openInANewTabOrClick(LpUiBasePage.java:548)
at com.lessonplanet.pages.WhatMembersSayWidget.clickOnSubmitYourOwnButton(WhatMembersSayWidget.java:28)
at User_BrowseResourceDirectory_SubjectsTest.testTestimonials(User_BrowseResourceDirectory_SubjectsTest.java:387)
at User_BrowseResourceDirectory_SubjectsTest.testC2293(User_BrowseResourceDirectory_SubjectsTest.java:167)
at java.base/jdk.internal.reflect.NativeMethodAccessorImpl.invoke0(Native Method)
at java.base/jdk.internal.reflect.NativeMethodAccessorImpl.invoke(NativeMethodAccessorImpl.java:62)
at java.base/jdk.internal.reflect.DelegatingMethodAccessorImpl.invoke(DelegatingMethodAccessorImpl.java:43)
at java.base/java.lang.reflect.Method.invoke(Method.java:566)
at org.testng.internal.MethodInvocationHelper.invokeMethod(MethodInvocationHelper.java:134)
at org.testng.internal.TestInvoker.invokeMethod(TestInvoker.java:597)
at org.testng.internal.TestInvoker.invokeTestMethod(TestInvoker.java:173)
at org.testng.internal.MethodRunner.runInSequence(MethodRunner.java:46)
at org.testng.internal.TestInvoker$MethodInvocationAgent.invoke(TestInvoker.java:816)
at org.testng.internal.TestInvoker.invokeTestMethods(TestInvoker.java:146)
at org.testng.internal.TestMethodWorker.invokeTestMethods(TestMethodWorker.java:146)
at org.testng.internal.TestMethodWorker.run(TestMethodWorker.java:128)
at java.base/java.util.ArrayList.forEach(ArrayList.java:1540)
at org.testng.TestRunner.privateRun(TestRunner.java:766)
at org.testng.TestRunner.run(TestRunner.java:587)
at org.testng.SuiteRunner.runTest(SuiteRunner.java:384)
at org.testng.SuiteRunner.runSequentially(SuiteRunner.java:378)
at org.testng.SuiteRunner.privateRun(SuiteRunner.java:337)
at org.testng.SuiteRunner.run(SuiteRunner.java:286)
at org.testng.SuiteRunnerWorker.runSuite(SuiteRunnerWorker.java:53)
at org.testng.SuiteRunnerWorker.run(SuiteRunnerWorker.java:96)
at org.testng.TestNG.runSuitesSequentially(TestNG.java:1187)
at org.testng.TestNG.runSuitesLocally(TestNG.java:1109)
at org.testng.TestNG.runSuites(TestNG.java:1039)
at org.testng.TestNG.run(TestNG.java:1007)
at com.intellij.rt.testng.IDEARemoteTestNG.run(IDEARemoteTestNG.java:66)
at com.intellij.rt.testng.RemoteTestNGStarter.main(RemoteTestNGStarter.java:110)
]]>
    </error>
  </testcase> <!-- testC2293 -->
  <system-out/>
</testsuite> <!-- User_BrowseResourceDirectory_SubjectsTest -->
