<?xml version="1.0" encoding="UTF-8"?>
<!-- Generated by org.testng.reporters.JUnitReportReporter -->
<testsuite hostname="SVROLP01518" failures="0" tests="18" name="CSL_RrpSearchTest" time="1483.583" errors="0" timestamp="2022-03-15T18:45:40 EET" skipped="0">
  <testcase classname="CSL_RrpSearchTest" name="testC2510" time="78.977"/>
  <system-out/>
  <testcase classname="CSL_RrpSearchTest" name="testC2520" time="67.621"/>
  <system-out/>
  <testcase classname="CSL_RrpSearchTest" name="testC2524" time="70.767"/>
  <system-out/>
  <testcase classname="CSL_RrpSearchTest" name="testC2526" time="153.838"/>
  <system-out/>
  <testcase classname="CSL_RrpSearchTest" name="testC2513" time="72.024"/>
  <system-out/>
  <testcase classname="CSL_RrpSearchTest" name="testC2516" time="74.258"/>
  <system-out/>
  <testcase classname="CSL_RrpSearchTest" name="testC2519" time="79.249"/>
  <system-out/>
  <testcase classname="CSL_RrpSearchTest" name="testC2514" time="68.067"/>
  <system-out/>
  <testcase classname="CSL_RrpSearchTest" name="testC2515" time="67.509"/>
  <system-out/>
  <testcase classname="CSL_RrpSearchTest" name="testC2517" time="91.947"/>
  <system-out/>
  <testcase classname="CSL_RrpSearchTest" name="testC2512" time="66.543"/>
  <system-out/>
  <testcase classname="CSL_RrpSearchTest" name="testC2521" time="62.690"/>
  <system-out/>
  <testcase classname="CSL_RrpSearchTest" name="testC2525" time="70.828"/>
  <system-out/>
  <testcase classname="CSL_RrpSearchTest" name="testC2522" time="68.352"/>
  <system-out/>
  <testcase classname="CSL_RrpSearchTest" name="testC2511" time="68.554"/>
  <system-out/>
  <testcase classname="CSL_RrpSearchTest" name="testC2527" time="124.364"/>
  <system-out/>
  <testcase classname="CSL_RrpSearchTest" name="testC2518" time="122.966"/>
  <system-out/>
  <testcase classname="CSL_RrpSearchTest" name="testC2523" time="75.029"/>
  <system-out/>
</testsuite> <!-- CSL_RrpSearchTest -->
