<?xml version="1.0" encoding="UTF-8"?>
<!-- Generated by org.testng.reporters.JUnitReportReporter -->
<testsuite hostname="SVROLP01518" failures="0" tests="2" name="RSL_CollectionBuilderTest" time="150.105" errors="0" timestamp="2022-03-15T18:17:14 EET" skipped="0">
  <testcase classname="RSL_CollectionBuilderTest" name="testC2363" time="73.872"/>
  <system-out/>
  <testcase classname="RSL_CollectionBuilderTest" name="testC2364" time="76.233"/>
  <system-out/>
</testsuite> <!-- RSL_CollectionBuilderTest -->
