<?xml version="1.0" encoding="UTF-8"?>
<!-- Generated by org.testng.reporters.JUnitReportReporter -->
<testsuite hostname="SVROLP01518" failures="0" tests="2" name="User_CollectionPlayerTest" time="143.721" errors="0" timestamp="2022-03-17T12:18:35 EET" skipped="0">
  <testcase classname="User_CollectionPlayerTest" name="testC2313" time="80.461"/>
  <system-out/>
  <testcase classname="User_CollectionPlayerTest" name="testC2311" time="63.260"/>
  <system-out/>
</testsuite> <!-- User_CollectionPlayerTest -->
