<?xml version="1.0" encoding="UTF-8"?>
<!-- Generated by org.testng.reporters.JUnitReportReporter -->
<testsuite hostname="SVROLP01518" failures="0" tests="2" name="User_AccountManagement_StepTwoTest" time="100.807" errors="0" timestamp="2022-03-02T09:42:45 EET" skipped="0">
  <testcase classname="User_AccountManagement_StepTwoTest" name="testC2557" time="46.375"/>
  <system-out/>
  <testcase classname="User_AccountManagement_StepTwoTest" name="testC2558" time="54.432"/>
  <system-out/>
</testsuite> <!-- User_AccountManagement_StepTwoTest -->
