<?xml version="1.0" encoding="UTF-8"?>
<!-- Generated by org.testng.reporters.JUnitReportReporter -->
<testsuite hostname="SVROLP01518" failures="0" tests="4" name="RSL_SharedWithMe_CanViewTest" time="269.864" errors="0" timestamp="2022-03-02T11:56:43 EET" skipped="0">
  <testcase classname="RSL_SharedWithMe_CanViewTest" name="testC2330" time="27.094"/>
  <system-out/>
  <testcase classname="RSL_SharedWithMe_CanViewTest" name="testC2331" time="99.436"/>
  <system-out/>
  <testcase classname="RSL_SharedWithMe_CanViewTest" name="testC2333" time="75.388"/>
  <system-out/>
  <testcase classname="RSL_SharedWithMe_CanViewTest" name="testC2332" time="67.946"/>
  <system-out/>
</testsuite> <!-- RSL_SharedWithMe_CanViewTest -->
