<?xml version="1.0" encoding="UTF-8"?>
<!-- Generated by org.testng.reporters.JUnitReportReporter -->
<testsuite hostname="SVROLP01518" failures="0" tests="8" name="User_RrpBrowseResourceDirectoryTest" time="541.381" errors="0" timestamp="2022-03-02T12:15:58 EET" skipped="0">
  <testcase classname="User_RrpBrowseResourceDirectoryTest" name="testC3764" time="60.859"/>
  <system-out/>
  <testcase classname="User_RrpBrowseResourceDirectoryTest" name="testC3765" time="120.963"/>
  <system-out/>
  <testcase classname="User_RrpBrowseResourceDirectoryTest" name="testC2295" time="76.145"/>
  <system-out/>
  <testcase classname="User_RrpBrowseResourceDirectoryTest" name="testC3766" time="50.375"/>
  <system-out/>
  <testcase classname="User_RrpBrowseResourceDirectoryTest" name="testC2296" time="49.523"/>
  <system-out/>
  <testcase classname="User_RrpBrowseResourceDirectoryTest" name="testC2297" time="64.309"/>
  <system-out/>
  <testcase classname="User_RrpBrowseResourceDirectoryTest" name="testC3763" time="67.825"/>
  <system-out/>
  <testcase classname="User_RrpBrowseResourceDirectoryTest" name="testC2294" time="51.382"/>
  <system-out/>
</testsuite> <!-- User_RrpBrowseResourceDirectoryTest -->
