<?xml version="1.0" encoding="UTF-8"?>
<!-- Generated by org.testng.reporters.JUnitReportReporter -->
<testsuite hostname="SVROLP01518" failures="0" tests="14" name="User_PublishFolderTest" time="2027.209" errors="0" timestamp="2022-03-02T12:15:58 EET" skipped="0">
  <testcase classname="User_PublishFolderTest" name="testC2209" time="119.499"/>
  <system-out/>
  <testcase classname="User_PublishFolderTest" name="testC2218" time="140.797"/>
  <system-out/>
  <testcase classname="User_PublishFolderTest" name="testC2207" time="112.977"/>
  <system-out/>
  <testcase classname="User_PublishFolderTest" name="testC2221" time="147.494"/>
  <system-out/>
  <testcase classname="User_PublishFolderTest" name="testC2212" time="197.277"/>
  <system-out/>
  <testcase classname="User_PublishFolderTest" name="testC2213" time="110.415"/>
  <system-out/>
  <testcase classname="User_PublishFolderTest" name="testC2219" time="150.072"/>
  <system-out/>
  <testcase classname="User_PublishFolderTest" name="testC2220" time="220.256"/>
  <system-out/>
  <testcase classname="User_PublishFolderTest" name="testC2208" time="145.581"/>
  <system-out/>
  <testcase classname="User_PublishFolderTest" name="testC2217" time="165.474"/>
  <system-out/>
  <testcase classname="User_PublishFolderTest" name="testC2210" time="138.471"/>
  <system-out/>
  <testcase classname="User_PublishFolderTest" name="testC2211" time="170.811"/>
  <system-out/>
  <testcase classname="User_PublishFolderTest" name="testC2216" time="122.242"/>
  <system-out/>
  <testcase classname="User_PublishFolderTest" name="tesC2214" time="85.843"/>
  <system-out/>
</testsuite> <!-- User_PublishFolderTest -->
