<?xml version="1.0" encoding="UTF-8"?>
<!-- Generated by org.testng.reporters.JUnitReportReporter -->
<testsuite hostname="SVROLP01518" failures="0" tests="1" name="User_BrowseResourceDirectory_MainPageTest" time="51.715" errors="0" timestamp="2022-03-17T12:18:35 EET" skipped="0">
  <testcase classname="User_BrowseResourceDirectory_MainPageTest" name="testC2298" time="51.715"/>
  <system-out/>
</testsuite> <!-- User_BrowseResourceDirectory_MainPageTest -->
