<?xml version="1.0" encoding="UTF-8"?>
<!-- Generated by org.testng.reporters.JUnitReportReporter -->
<testsuite hostname="SVROLP01518" failures="0" tests="3" name="RSL_FooterTest" time="66.339" errors="0" timestamp="2022-03-02T11:56:43 EET" skipped="0">
  <testcase classname="RSL_FooterTest" name="testC2345" time="27.732"/>
  <system-out/>
  <testcase classname="RSL_FooterTest" name="testC2346" time="18.892"/>
  <system-out/>
  <testcase classname="RSL_FooterTest" name="testC2344" time="19.715"/>
  <system-out/>
</testsuite> <!-- RSL_FooterTest -->
