<?xml version="1.0" encoding="UTF-8"?>
<!-- Generated by org.testng.reporters.JUnitReportReporter -->
<testsuite hostname="SVROLP01518" failures="0" tests="7" name="RSL_PublishFolderTest" time="1065.520" errors="0" timestamp="2022-03-15T18:17:14 EET" skipped="0">
  <testcase classname="RSL_PublishFolderTest" name="testC2341" time="178.498"/>
  <system-out/>
  <testcase classname="RSL_PublishFolderTest" name="testC2343" time="110.770"/>
  <system-out/>
  <testcase classname="RSL_PublishFolderTest" name="testC2340" time="179.200"/>
  <system-out/>
  <testcase classname="RSL_PublishFolderTest" name="testC2342" time="163.752"/>
  <system-out/>
  <testcase classname="RSL_PublishFolderTest" name="testC2338" time="169.362"/>
  <system-out/>
  <testcase classname="RSL_PublishFolderTest" name="testC2337" time="100.786"/>
  <system-out/>
  <testcase classname="RSL_PublishFolderTest" name="testC2339" time="163.152"/>
  <system-out/>
</testsuite> <!-- RSL_PublishFolderTest -->
