<?xml version="1.0" encoding="UTF-8"?>
<!-- Generated by org.testng.reporters.JUnitReportReporter -->
<testsuite hostname="SVROLP01518" failures="0" tests="8" name="User_RrpBrowseResourceDirectoryTest" time="513.095" errors="0" timestamp="2022-03-17T12:06:18 EET" skipped="0">
  <testcase classname="User_RrpBrowseResourceDirectoryTest" name="testC2294" time="39.205"/>
  <system-out/>
  <testcase classname="User_RrpBrowseResourceDirectoryTest" name="testC2295" time="60.853"/>
  <system-out/>
  <testcase classname="User_RrpBrowseResourceDirectoryTest" name="testC3764" time="60.598"/>
  <system-out/>
  <testcase classname="User_RrpBrowseResourceDirectoryTest" name="testC2297" time="65.099"/>
  <system-out/>
  <testcase classname="User_RrpBrowseResourceDirectoryTest" name="testC3766" time="47.534"/>
  <system-out/>
  <testcase classname="User_RrpBrowseResourceDirectoryTest" name="testC3765" time="132.787"/>
  <system-out/>
  <testcase classname="User_RrpBrowseResourceDirectoryTest" name="testC3763" time="62.489"/>
  <system-out/>
  <testcase classname="User_RrpBrowseResourceDirectoryTest" name="testC2296" time="44.530"/>
  <system-out/>
</testsuite> <!-- User_RrpBrowseResourceDirectoryTest -->
