<?xml version="1.0" encoding="UTF-8"?>
<!-- Generated by org.testng.reporters.JUnitReportReporter -->
<testsuite hostname="SVROLP01518" failures="0" tests="5" name="User_BrowseResourceDirectory_SubjectsTest" time="429.193" errors="0" timestamp="2022-03-17T12:06:18 EET" skipped="0">
  <testcase classname="User_BrowseResourceDirectory_SubjectsTest" name="testC2292" time="30.985"/>
  <system-out/>
  <testcase classname="User_BrowseResourceDirectory_SubjectsTest" name="testC2293" time="46.584"/>
  <system-out/>
  <testcase classname="User_BrowseResourceDirectory_SubjectsTest" name="testC2289" time="56.745"/>
  <system-out/>
  <testcase classname="User_BrowseResourceDirectory_SubjectsTest" name="testC2290" time="245.999"/>
  <system-out/>
  <testcase classname="User_BrowseResourceDirectory_SubjectsTest" name="testC2291" time="48.880"/>
  <system-out/>
</testsuite> <!-- User_BrowseResourceDirectory_SubjectsTest -->
