<?xml version="1.0" encoding="UTF-8"?>
<!-- Generated by org.testng.reporters.JUnitReportReporter -->
<testsuite hostname="SVROLP01518" failures="0" tests="8" name="User_SearchTest" time="945.851" errors="0" timestamp="2022-03-17T12:06:18 EET" skipped="0">
  <testcase classname="User_SearchTest" name="testC2275" time="176.635"/>
  <system-out/>
  <testcase classname="User_SearchTest" name="testC2276" time="160.282"/>
  <system-out/>
  <testcase classname="User_SearchTest" name="testC2272" time="53.953"/>
  <system-out/>
  <testcase classname="User_SearchTest" name="testC2270" time="127.200"/>
  <system-out/>
  <testcase classname="User_SearchTest" name="testC2269" time="107.658"/>
  <system-out/>
  <testcase classname="User_SearchTest" name="testC2271" time="65.244"/>
  <system-out/>
  <testcase classname="User_SearchTest" name="testC2273" time="66.353"/>
  <system-out/>
  <testcase classname="User_SearchTest" name="testC2274" time="188.526"/>
  <system-out/>
</testsuite> <!-- User_SearchTest -->
