<?xml version="1.0" encoding="UTF-8"?>
<!-- Generated by org.testng.reporters.JUnitReportReporter -->
<testsuite hostname="SVROLP01518" failures="0" tests="1" name="Cobb_CalendarTest" time="113.855" errors="0" timestamp="2022-03-02T11:36:45 EET" skipped="0">
  <testcase classname="Cobb_CalendarTest" name="testC2640" time="113.855"/>
  <system-out/>
</testsuite> <!-- Cobb_CalendarTest -->
