<?xml version="1.0" encoding="UTF-8"?>
<!-- Generated by org.testng.reporters.JUnitReportReporter -->
<testsuite hostname="SVROLP01518" failures="0" tests="7" name="Cobb_AdminManager_AccountsTest" time="600.217" errors="0" timestamp="2022-03-02T11:36:45 EET" skipped="0">
  <testcase classname="Cobb_AdminManager_AccountsTest" name="testC2604" time="108.107"/>
  <system-out/>
  <testcase classname="Cobb_AdminManager_AccountsTest" name="testC2603" time="56.012"/>
  <system-out/>
  <testcase classname="Cobb_AdminManager_AccountsTest" name="testC2607" time="52.417"/>
  <system-out/>
  <testcase classname="Cobb_AdminManager_AccountsTest" name="testC2605" time="71.373"/>
  <system-out/>
  <testcase classname="Cobb_AdminManager_AccountsTest" name="testC2609" time="37.297"/>
  <system-out/>
  <testcase classname="Cobb_AdminManager_AccountsTest" name="testC2608" time="103.364"/>
  <system-out/>
  <testcase classname="Cobb_AdminManager_AccountsTest" name="testC2606" time="171.647"/>
  <system-out/>
</testsuite> <!-- Cobb_AdminManager_AccountsTest -->
