<?xml version="1.0" encoding="UTF-8"?>
<!-- Generated by org.testng.reporters.JUnitReportReporter -->
<testsuite hostname="SVROLP01518" failures="0" tests="5" name="Cobb_BrowseResourceDirectory_MainPageTest" time="327.967" errors="0" timestamp="2022-03-15T18:03:26 EET" skipped="0">
  <testcase classname="Cobb_BrowseResourceDirectory_MainPageTest" name="testC2620" time="167.174"/>
  <system-out/>
  <testcase classname="Cobb_BrowseResourceDirectory_MainPageTest" name="testC2618" time="62.710"/>
  <system-out/>
  <testcase classname="Cobb_BrowseResourceDirectory_MainPageTest" name="testC2621" time="20.314"/>
  <system-out/>
  <testcase classname="Cobb_BrowseResourceDirectory_MainPageTest" name="testC2622" time="29.553"/>
  <system-out/>
  <testcase classname="Cobb_BrowseResourceDirectory_MainPageTest" name="testC2619" time="48.216"/>
  <system-out/>
</testsuite> <!-- Cobb_BrowseResourceDirectory_MainPageTest -->
