<?xml version="1.0" encoding="UTF-8"?>
<!-- Generated by org.testng.reporters.JUnitReportReporter -->
<testsuite hostname="SVROLP01518" failures="0" tests="5" name="Cobb_EditFolderTest" time="602.199" errors="0" timestamp="2022-03-02T11:36:45 EET" skipped="0">
  <testcase classname="Cobb_EditFolderTest" name="testC2625" time="48.753"/>
  <system-out/>
  <testcase classname="Cobb_EditFolderTest" name="testC2628" time="164.706"/>
  <system-out/>
  <testcase classname="Cobb_EditFolderTest" name="testC2629" time="72.631"/>
  <system-out/>
  <testcase classname="Cobb_EditFolderTest" name="testC2627" time="209.687"/>
  <system-out/>
  <testcase classname="Cobb_EditFolderTest" name="testC2626" time="106.422"/>
  <system-out/>
</testsuite> <!-- Cobb_EditFolderTest -->
