<?xml version="1.0" encoding="UTF-8"?>
<!-- Generated by org.testng.reporters.JUnitReportReporter -->
<testsuite hostname="SVROLP01518" failures="0" tests="2" name="Cobb_PublishFolderTest" time="287.416" errors="0" timestamp="2022-03-02T11:46:23 EET" skipped="0">
  <testcase classname="Cobb_PublishFolderTest" name="testC2592" time="129.391"/>
  <system-out/>
  <testcase classname="Cobb_PublishFolderTest" name="testC2594" time="158.025"/>
  <system-out/>
</testsuite> <!-- Cobb_PublishFolderTest -->
