<?xml version="1.0" encoding="UTF-8"?>
<!-- Generated by org.testng.reporters.JUnitReportReporter -->
<testsuite hostname="SVROLP01518" failures="0" tests="3" name="User_AccountManagement_CreateActiveAccountTest" time="170.928" errors="0" timestamp="2022-03-17T09:39:11 EET" skipped="0">
  <testcase classname="User_AccountManagement_CreateActiveAccountTest" name="testC2309" time="50.304"/>
  <system-out/>
  <testcase classname="User_AccountManagement_CreateActiveAccountTest" name="testC2308" time="62.158"/>
  <system-out/>
  <testcase classname="User_AccountManagement_CreateActiveAccountTest" name="testC2306" time="58.466"/>
  <system-out/>
</testsuite> <!-- User_AccountManagement_CreateActiveAccountTest -->
