<?xml version="1.0" encoding="UTF-8"?>
<!-- Generated by org.testng.reporters.JUnitReportReporter -->
<testsuite hostname="SVROLP01518" failures="0" tests="4" name="RSL_SharedWithMe_CanViewTest" time="256.859" errors="0" timestamp="2022-03-15T18:17:15 EET" skipped="0">
  <testcase classname="RSL_SharedWithMe_CanViewTest" name="testC2332" time="60.979"/>
  <system-out/>
  <testcase classname="RSL_SharedWithMe_CanViewTest" name="testC2331" time="105.676"/>
  <system-out/>
  <testcase classname="RSL_SharedWithMe_CanViewTest" name="testC2333" time="70.615"/>
  <system-out/>
  <testcase classname="RSL_SharedWithMe_CanViewTest" name="testC2330" time="19.589"/>
  <system-out/>
</testsuite> <!-- RSL_SharedWithMe_CanViewTest -->
