<?xml version="1.0" encoding="UTF-8"?>
<!-- Generated by org.testng.reporters.JUnitReportReporter -->
<testsuite hostname="SVROLP01518" failures="0" tests="7" name="Cobb_AdminManager_AccountsTest" time="579.836" errors="0" timestamp="2022-03-15T18:03:26 EET" skipped="0">
  <testcase classname="Cobb_AdminManager_AccountsTest" name="testC2604" time="97.399"/>
  <system-out/>
  <testcase classname="Cobb_AdminManager_AccountsTest" name="testC2608" time="101.758"/>
  <system-out/>
  <testcase classname="Cobb_AdminManager_AccountsTest" name="testC2605" time="73.645"/>
  <system-out/>
  <testcase classname="Cobb_AdminManager_AccountsTest" name="testC2607" time="49.657"/>
  <system-out/>
  <testcase classname="Cobb_AdminManager_AccountsTest" name="testC2606" time="172.319"/>
  <system-out/>
  <testcase classname="Cobb_AdminManager_AccountsTest" name="testC2603" time="52.702"/>
  <system-out/>
  <testcase classname="Cobb_AdminManager_AccountsTest" name="testC2609" time="32.356"/>
  <system-out/>
</testsuite> <!-- Cobb_AdminManager_AccountsTest -->
