<?xml version="1.0" encoding="UTF-8"?>
<!-- Generated by org.testng.reporters.JUnitReportReporter -->
<testsuite hostname="SVROLP01518" failures="0" tests="5" name="Cobb_EditFolderTest" time="617.220" errors="0" timestamp="2022-03-15T18:03:26 EET" skipped="0">
  <testcase classname="Cobb_EditFolderTest" name="testC2629" time="59.446"/>
  <system-out/>
  <testcase classname="Cobb_EditFolderTest" name="testC2627" time="218.368"/>
  <system-out/>
  <testcase classname="Cobb_EditFolderTest" name="testC2626" time="112.777"/>
  <system-out/>
  <testcase classname="Cobb_EditFolderTest" name="testC2628" time="174.211"/>
  <system-out/>
  <testcase classname="Cobb_EditFolderTest" name="testC2625" time="52.418"/>
  <system-out/>
</testsuite> <!-- Cobb_EditFolderTest -->
