<?xml version="1.0" encoding="UTF-8"?>
<!-- Generated by org.testng.reporters.JUnitReportReporter -->
<testsuite hostname="SVROLP01518" failures="0" tests="1" name="Cobb_AdminManager_ContentTest" time="179.182" errors="0" timestamp="2022-03-02T11:46:23 EET" skipped="0">
  <testcase classname="Cobb_AdminManager_ContentTest" name="testC2602" time="179.182"/>
  <system-out/>
</testsuite> <!-- Cobb_AdminManager_ContentTest -->
