<?xml version="1.0" encoding="UTF-8"?>
<!-- Generated by org.testng.reporters.JUnitReportReporter -->
<testsuite hostname="SVROLP01518" failures="0" tests="18" name="CSL_RrpSearchTest" time="1105.368" errors="0" timestamp="2022-03-02T12:21:01 EET" skipped="0">
  <testcase classname="CSL_RrpSearchTest" name="testC2523" time="54.065"/>
  <system-out/>
  <testcase classname="CSL_RrpSearchTest" name="testC2527" time="72.298"/>
  <system-out/>
  <testcase classname="CSL_RrpSearchTest" name="testC2522" time="48.155"/>
  <system-out/>
  <testcase classname="CSL_RrpSearchTest" name="testC2512" time="51.730"/>
  <system-out/>
  <testcase classname="CSL_RrpSearchTest" name="testC2515" time="52.480"/>
  <system-out/>
  <testcase classname="CSL_RrpSearchTest" name="testC2514" time="62.749"/>
  <system-out/>
  <testcase classname="CSL_RrpSearchTest" name="testC2513" time="59.412"/>
  <system-out/>
  <testcase classname="CSL_RrpSearchTest" name="testC2511" time="56.137"/>
  <system-out/>
  <testcase classname="CSL_RrpSearchTest" name="testC2521" time="45.643"/>
  <system-out/>
  <testcase classname="CSL_RrpSearchTest" name="testC2524" time="49.460"/>
  <system-out/>
  <testcase classname="CSL_RrpSearchTest" name="testC2518" time="97.804"/>
  <system-out/>
  <testcase classname="CSL_RrpSearchTest" name="testC2517" time="82.275"/>
  <system-out/>
  <testcase classname="CSL_RrpSearchTest" name="testC2526" time="116.309"/>
  <system-out/>
  <testcase classname="CSL_RrpSearchTest" name="testC2525" time="41.971"/>
  <system-out/>
  <testcase classname="CSL_RrpSearchTest" name="testC2516" time="47.216"/>
  <system-out/>
  <testcase classname="CSL_RrpSearchTest" name="testC2519" time="61.756"/>
  <system-out/>
  <testcase classname="CSL_RrpSearchTest" name="testC2510" time="62.732"/>
  <system-out/>
  <testcase classname="CSL_RrpSearchTest" name="testC2520" time="43.176"/>
  <system-out/>
</testsuite> <!-- CSL_RrpSearchTest -->
