<?xml version="1.0" encoding="UTF-8"?>
<!-- Generated by org.testng.reporters.JUnitReportReporter -->
<testsuite hostname="SVROLP01518" failures="0" tests="5" name="CSL_AdminManager_ContentTest" time="600.991" errors="0" timestamp="2022-03-02T12:21:01 EET" skipped="0">
  <testcase classname="CSL_AdminManager_ContentTest" name="testC2550" time="112.549"/>
  <system-out/>
  <testcase classname="CSL_AdminManager_ContentTest" name="testC2551" time="66.425"/>
  <system-out/>
  <testcase classname="CSL_AdminManager_ContentTest" name="testC2548" time="99.584"/>
  <system-out/>
  <testcase classname="CSL_AdminManager_ContentTest" name="testC2549" time="213.568"/>
  <system-out/>
  <testcase classname="CSL_AdminManager_ContentTest" name="testC2552" time="108.865"/>
  <system-out/>
</testsuite> <!-- CSL_AdminManager_ContentTest -->
