<?xml version="1.0" encoding="UTF-8"?>
<!-- Generated by org.testng.reporters.JUnitReportReporter -->
<testsuite hostname="SVROLP01518" failures="0" tests="12" name="CSL_HomepageTest" time="658.534" errors="0" timestamp="2022-03-15T18:45:40 EET" skipped="0">
  <testcase classname="CSL_HomepageTest" name="testLessonp_5288" time="31.058"/>
  <system-out/>
  <testcase classname="CSL_HomepageTest" name="testLessonp_5296" time="35.618"/>
  <system-out/>
  <testcase classname="CSL_HomepageTest" name="testLessonp_5302" time="22.332"/>
  <system-out/>
  <testcase classname="CSL_HomepageTest" name="testLessonp_5300" time="29.540"/>
  <system-out/>
  <testcase classname="CSL_HomepageTest" name="testLessonp_5291" time="304.845"/>
  <system-out/>
  <testcase classname="CSL_HomepageTest" name="testLessonp_5289" time="29.976"/>
  <system-out/>
  <testcase classname="CSL_HomepageTest" name="testLessonp_5295" time="67.676"/>
  <system-out/>
  <testcase classname="CSL_HomepageTest" name="testLessonp_5301" time="25.844"/>
  <system-out/>
  <testcase classname="CSL_HomepageTest" name="testLessonp_5286" time="26.544"/>
  <system-out/>
  <testcase classname="CSL_HomepageTest" name="testLessonp_5298" time="32.825"/>
  <system-out/>
  <testcase classname="CSL_HomepageTest" name="testLessonp_5297" time="30.669"/>
  <system-out/>
  <testcase classname="CSL_HomepageTest" name="testLessonp_5290" time="21.607"/>
  <system-out/>
</testsuite> <!-- CSL_HomepageTest -->
