<?xml version="1.0" encoding="UTF-8"?>
<!-- Generated by org.testng.reporters.JUnitReportReporter -->
<testsuite hostname="SVROLP01518" failures="0" tests="3" name="RSL_AdminManager_Accounts_SchoolSlTest" time="286.907" errors="0" timestamp="2022-03-02T11:56:43 EET" skipped="0">
  <testcase classname="RSL_AdminManager_Accounts_SchoolSlTest" name="testC2335" time="119.990"/>
  <system-out/>
  <testcase classname="RSL_AdminManager_Accounts_SchoolSlTest" name="testC2334" time="121.835"/>
  <system-out/>
  <testcase classname="RSL_AdminManager_Accounts_SchoolSlTest" name="testC2336" time="45.082"/>
  <system-out/>
</testsuite> <!-- RSL_AdminManager_Accounts_SchoolSlTest -->
