<?xml version="1.0" encoding="UTF-8"?>
<!-- Generated by org.testng.reporters.JUnitReportReporter -->
<testsuite hostname="SVROLP01518" failures="0" tests="8" name="RSL_RrpBrowseResourceDirectoryTest" time="459.310" errors="0" timestamp="2022-03-15T18:17:15 EET" skipped="0">
  <testcase classname="RSL_RrpBrowseResourceDirectoryTest" name="testC2417" time="51.092"/>
  <system-out/>
  <testcase classname="RSL_RrpBrowseResourceDirectoryTest" name="testC2418" time="53.853"/>
  <system-out/>
  <testcase classname="RSL_RrpBrowseResourceDirectoryTest" name="testC2429" time="57.690"/>
  <system-out/>
  <testcase classname="RSL_RrpBrowseResourceDirectoryTest" name="testC2421" time="50.009"/>
  <system-out/>
  <testcase classname="RSL_RrpBrowseResourceDirectoryTest" name="testC2423" time="66.123"/>
  <system-out/>
  <testcase classname="RSL_RrpBrowseResourceDirectoryTest" name="testC2422" time="66.007"/>
  <system-out/>
  <testcase classname="RSL_RrpBrowseResourceDirectoryTest" name="testC2419" time="47.964"/>
  <system-out/>
  <testcase classname="RSL_RrpBrowseResourceDirectoryTest" name="testC2424" time="66.572"/>
  <system-out/>
</testsuite> <!-- RSL_RrpBrowseResourceDirectoryTest -->
