<?xml version="1.0" encoding="UTF-8"?>
<!-- Generated by org.testng.reporters.JUnitReportReporter -->
<testsuite hostname="SVROLP01518" failures="0" tests="11" name="User_HomepageTest" time="288.632" errors="0" timestamp="2022-03-17T12:06:18 EET" skipped="0">
  <testcase classname="User_HomepageTest" name="testC2326" time="20.678"/>
  <system-out/>
  <testcase classname="User_HomepageTest" name="testC2316" time="28.272"/>
  <system-out/>
  <testcase classname="User_HomepageTest" name="testC2321" time="26.383"/>
  <system-out/>
  <testcase classname="User_HomepageTest" name="testC2317" time="29.422"/>
  <system-out/>
  <testcase classname="User_HomepageTest" name="testC2318" time="20.557"/>
  <system-out/>
  <testcase classname="User_HomepageTest" name="testC2315" time="48.357"/>
  <system-out/>
  <testcase classname="User_HomepageTest" name="testC2323" time="20.755"/>
  <system-out/>
  <testcase classname="User_HomepageTest" name="testC2320" time="30.173"/>
  <system-out/>
  <testcase classname="User_HomepageTest" name="testC2324" time="19.159"/>
  <system-out/>
  <testcase classname="User_HomepageTest" name="testC2325" time="19.525"/>
  <system-out/>
  <testcase classname="User_HomepageTest" name="testC2322" time="25.351"/>
  <system-out/>
</testsuite> <!-- User_HomepageTest -->
