<?xml version="1.0" encoding="UTF-8"?>
<!-- Generated by org.testng.reporters.JUnitReportReporter -->
<testsuite hostname="SVROLP01518" failures="0" tests="7" name="CSL_PublishFolderTest" time="1045.055" errors="0" timestamp="2022-03-02T12:21:01 EET" skipped="0">
  <testcase classname="CSL_PublishFolderTest" name="testC2460" time="171.582"/>
  <system-out/>
  <testcase classname="CSL_PublishFolderTest" name="testC2461" time="171.780"/>
  <system-out/>
  <testcase classname="CSL_PublishFolderTest" name="testC2458" time="134.529"/>
  <system-out/>
  <testcase classname="CSL_PublishFolderTest" name="testC2456" time="122.487"/>
  <system-out/>
  <testcase classname="CSL_PublishFolderTest" name="testC24596" time="163.054"/>
  <system-out/>
  <testcase classname="CSL_PublishFolderTest" name="testC2457" time="155.842"/>
  <system-out/>
  <testcase classname="CSL_PublishFolderTest" name="testC2462" time="125.781"/>
  <system-out/>
</testsuite> <!-- CSL_PublishFolderTest -->
