<?xml version="1.0" encoding="UTF-8"?>
<!-- Generated by org.testng.reporters.JUnitReportReporter -->
<testsuite hostname="SVROLP01518" failures="0" tests="5" name="RSL_EditFolderTest" time="560.975" errors="0" timestamp="2022-03-15T18:17:15 EET" skipped="0">
  <testcase classname="RSL_EditFolderTest" name="testC2365" time="46.921"/>
  <system-out/>
  <testcase classname="RSL_EditFolderTest" name="testC2369" time="60.985"/>
  <system-out/>
  <testcase classname="RSL_EditFolderTest" name="testC2368" time="159.779"/>
  <system-out/>
  <testcase classname="RSL_EditFolderTest" name="testC2367" time="210.745"/>
  <system-out/>
  <testcase classname="RSL_EditFolderTest" name="testC2366" time="82.545"/>
  <system-out/>
</testsuite> <!-- RSL_EditFolderTest -->
