<?xml version="1.0" encoding="UTF-8"?>
<!-- Generated by org.testng.reporters.JUnitReportReporter -->
<testsuite hostname="SVROLP01518" failures="0" tests="3" name="CSL_SharedWithMe_CanEditTest" time="316.708" errors="0" timestamp="2022-03-15T18:45:40 EET" skipped="0">
  <testcase classname="CSL_SharedWithMe_CanEditTest" name="testC2453" time="105.355"/>
  <system-out/>
  <testcase classname="CSL_SharedWithMe_CanEditTest" name="testC2454" time="88.631"/>
  <system-out/>
  <testcase classname="CSL_SharedWithMe_CanEditTest" name="testC2455" time="122.722"/>
  <system-out/>
</testsuite> <!-- CSL_SharedWithMe_CanEditTest -->
