<?xml version="1.0" encoding="UTF-8"?>
<!-- Generated by org.testng.reporters.JUnitReportReporter -->
<testsuite hostname="SVROLP01518" failures="0" tests="16" name="CSL_CurriculumManagerTest" time="1898.358" errors="0" timestamp="2022-03-15T18:45:40 EET" skipped="0">
  <testcase classname="CSL_CurriculumManagerTest" name="testC2488" time="99.906"/>
  <system-out/>
  <testcase classname="CSL_CurriculumManagerTest" name="testC2500" time="186.257"/>
  <system-out/>
  <testcase classname="CSL_CurriculumManagerTest" name="testC2496" time="74.916"/>
  <system-out/>
  <testcase classname="CSL_CurriculumManagerTest" name="testC2499" time="98.497"/>
  <system-out/>
  <testcase classname="CSL_CurriculumManagerTest" name="testC2491" time="318.869"/>
  <system-out/>
  <testcase classname="CSL_CurriculumManagerTest" name="testC2486" time="36.066"/>
  <system-out/>
  <testcase classname="CSL_CurriculumManagerTest" name="testC2498" time="92.069"/>
  <system-out/>
  <testcase classname="CSL_CurriculumManagerTest" name="testC2492" time="75.263"/>
  <system-out/>
  <testcase classname="CSL_CurriculumManagerTest" name="testC2497" time="87.857"/>
  <system-out/>
  <testcase classname="CSL_CurriculumManagerTest" name="testC2489" time="83.575"/>
  <system-out/>
  <testcase classname="CSL_CurriculumManagerTest" name="testC2495" time="87.911"/>
  <system-out/>
  <testcase classname="CSL_CurriculumManagerTest" name="testC2493" time="75.123"/>
  <system-out/>
  <testcase classname="CSL_CurriculumManagerTest" name="testC2501" time="117.780"/>
  <system-out/>
  <testcase classname="CSL_CurriculumManagerTest" name="testC2494" time="89.966"/>
  <system-out/>
  <testcase classname="CSL_CurriculumManagerTest" name="testC2490" time="307.431"/>
  <system-out/>
  <testcase classname="CSL_CurriculumManagerTest" name="testC2487" time="66.872"/>
  <system-out/>
</testsuite> <!-- CSL_CurriculumManagerTest -->
