<?xml version="1.0" encoding="UTF-8"?>
<!-- Generated by org.testng.reporters.JUnitReportReporter -->
<testsuite hostname="SVROLP01518" failures="0" tests="1" name="RSL_CalendarTest" time="148.215" errors="0" timestamp="2022-03-15T18:17:15 EET" skipped="0">
  <testcase classname="RSL_CalendarTest" name="testC2371" time="148.215"/>
  <system-out/>
</testsuite> <!-- RSL_CalendarTest -->
