<?xml version="1.0" encoding="UTF-8"?>
<!-- Generated by org.testng.reporters.JUnitReportReporter -->
<testsuite hostname="SVROLP01518" failures="0" tests="2" name="RSL_HeaderTest" time="121.894" errors="0" timestamp="2022-03-15T18:17:15 EET" skipped="0">
  <testcase classname="RSL_HeaderTest" name="testC2376" time="77.782"/>
  <system-out/>
  <testcase classname="RSL_HeaderTest" name="testC2377" time="44.112"/>
  <system-out/>
</testsuite> <!-- RSL_HeaderTest -->
