<?xml version="1.0" encoding="UTF-8"?>
<!-- Generated by org.testng.reporters.JUnitReportReporter -->
<testsuite hostname="SVROLP01518" failures="0" tests="5" name="CSL_BrowseResourceDirectory_MainPageTest" time="383.476" errors="0" timestamp="2022-03-02T12:21:01 EET" skipped="0">
  <testcase classname="CSL_BrowseResourceDirectory_MainPageTest" name="testC2473" time="61.162"/>
  <system-out/>
  <testcase classname="CSL_BrowseResourceDirectory_MainPageTest" name="testC2476" time="50.307"/>
  <system-out/>
  <testcase classname="CSL_BrowseResourceDirectory_MainPageTest" name="testC2474" time="172.192"/>
  <system-out/>
  <testcase classname="CSL_BrowseResourceDirectory_MainPageTest" name="testC2472" time="75.325"/>
  <system-out/>
  <testcase classname="CSL_BrowseResourceDirectory_MainPageTest" name="testC2475" time="24.490"/>
  <system-out/>
</testsuite> <!-- CSL_BrowseResourceDirectory_MainPageTest -->
