<?xml version="1.0" encoding="UTF-8"?>
<!-- Generated by org.testng.reporters.JUnitReportReporter -->
<testsuite hostname="SVROLP01518" failures="0" tests="1" name="User_CalendarTest" time="131.230" errors="0" timestamp="2022-03-02T12:15:58 EET" skipped="0">
  <testcase classname="User_CalendarTest" name="testC2305" time="131.230"/>
  <system-out/>
</testsuite> <!-- User_CalendarTest -->
