<?xml version="1.0" encoding="UTF-8"?>
<!-- Generated by org.testng.reporters.JUnitReportReporter -->
<testsuite hostname="SVROLP01518" failures="0" tests="12" name="RSL_RrpSearchTest" time="981.851" errors="0" timestamp="2022-03-15T18:17:14 EET" skipped="0">
  <testcase classname="RSL_RrpSearchTest" name="testC2392" time="64.560"/>
  <system-out/>
  <testcase classname="RSL_RrpSearchTest" name="testC2385" time="75.520"/>
  <system-out/>
  <testcase classname="RSL_RrpSearchTest" name="testC2396" time="67.725"/>
  <system-out/>
  <testcase classname="RSL_RrpSearchTest" name="testC2388" time="83.555"/>
  <system-out/>
  <testcase classname="RSL_RrpSearchTest" name="testC2394" time="56.653"/>
  <system-out/>
  <testcase classname="RSL_RrpSearchTest" name="testC2395" time="62.515"/>
  <system-out/>
  <testcase classname="RSL_RrpSearchTest" name="testC2387" time="137.462"/>
  <system-out/>
  <testcase classname="RSL_RrpSearchTest" name="testC2391" time="64.242"/>
  <system-out/>
  <testcase classname="RSL_RrpSearchTest" name="testC2390" time="96.446"/>
  <system-out/>
  <testcase classname="RSL_RrpSearchTest" name="testC2386" time="126.235"/>
  <system-out/>
  <testcase classname="RSL_RrpSearchTest" name="testC2389" time="81.167"/>
  <system-out/>
  <testcase classname="RSL_RrpSearchTest" name="testC2393" time="65.771"/>
  <system-out/>
</testsuite> <!-- RSL_RrpSearchTest -->
