<?xml version="1.0" encoding="UTF-8"?>
<!-- Generated by org.testng.reporters.JUnitReportReporter -->
<testsuite hostname="SVROLP01518" failures="0" tests="1" name="CSL_AdminManager_AccountsSsoOnTest" time="154.300" errors="0" timestamp="2022-03-15T18:53:46 EET" skipped="0">
  <testcase classname="CSL_AdminManager_AccountsSsoOnTest" name="testC2541" time="154.300"/>
  <system-out/>
</testsuite> <!-- CSL_AdminManager_AccountsSsoOnTest -->
