<?xml version="1.0" encoding="UTF-8"?>
<!-- Generated by org.testng.reporters.JUnitReportReporter -->
<testsuite hostname="SVROLP01518" failures="0" tests="8" name="RSL_RrpBrowseResourceDirectoryTest" time="453.087" errors="0" timestamp="2022-03-02T11:56:43 EET" skipped="0">
  <testcase classname="RSL_RrpBrowseResourceDirectoryTest" name="testC2429" time="52.456"/>
  <system-out/>
  <testcase classname="RSL_RrpBrowseResourceDirectoryTest" name="testC2419" time="55.568"/>
  <system-out/>
  <testcase classname="RSL_RrpBrowseResourceDirectoryTest" name="testC2423" time="57.721"/>
  <system-out/>
  <testcase classname="RSL_RrpBrowseResourceDirectoryTest" name="testC2422" time="61.646"/>
  <system-out/>
  <testcase classname="RSL_RrpBrowseResourceDirectoryTest" name="testC2424" time="66.645"/>
  <system-out/>
  <testcase classname="RSL_RrpBrowseResourceDirectoryTest" name="testC2417" time="54.543"/>
  <system-out/>
  <testcase classname="RSL_RrpBrowseResourceDirectoryTest" name="testC2421" time="52.181"/>
  <system-out/>
  <testcase classname="RSL_RrpBrowseResourceDirectoryTest" name="testC2418" time="52.327"/>
  <system-out/>
</testsuite> <!-- RSL_RrpBrowseResourceDirectoryTest -->
