<?xml version="1.0" encoding="UTF-8"?>
<!-- Generated by org.testng.reporters.JUnitReportReporter -->
<testsuite hostname="SVROLP01518" failures="0" tests="2" name="User_CollectionBuilderTest" time="189.559" errors="0" timestamp="2022-03-17T12:06:18 EET" skipped="0">
  <testcase classname="User_CollectionBuilderTest" name="testC2254" time="92.413"/>
  <system-out/>
  <testcase classname="User_CollectionBuilderTest" name="testC2255" time="97.146"/>
  <system-out/>
</testsuite> <!-- User_CollectionBuilderTest -->
