<?xml version="1.0" encoding="UTF-8"?>
<!-- Generated by org.testng.reporters.JUnitReportReporter -->
<testsuite hostname="SVROLP01518" failures="0" tests="5" name="CSL_EditFolderTest" time="555.882" errors="0" timestamp="2022-03-15T18:45:40 EET" skipped="0">
  <testcase classname="CSL_EditFolderTest" name="testC2481" time="50.630"/>
  <system-out/>
  <testcase classname="CSL_EditFolderTest" name="testC2485" time="57.620"/>
  <system-out/>
  <testcase classname="CSL_EditFolderTest" name="testC2483" time="186.777"/>
  <system-out/>
  <testcase classname="CSL_EditFolderTest" name="testC24822" time="97.040"/>
  <system-out/>
  <testcase classname="CSL_EditFolderTest" name="testC2484" time="163.815"/>
  <system-out/>
</testsuite> <!-- CSL_EditFolderTest -->
