<?xml version="1.0" encoding="UTF-8"?>
<!-- Generated by org.testng.reporters.JUnitReportReporter -->
<testsuite hostname="SVROLP01518" failures="0" tests="1" name="User_AccountManagement_CreateActiveAccountTest" time="96.997" errors="0" timestamp="2022-03-02T10:21:01 EET" skipped="0">
  <testcase classname="User_AccountManagement_CreateActiveAccountTest" name="testC2308" time="96.997"/>
  <system-out/>
</testsuite> <!-- User_AccountManagement_CreateActiveAccountTest -->
