<?xml version="1.0" encoding="UTF-8"?>
<!-- Generated by org.testng.reporters.JUnitReportReporter -->
<testsuite hostname="SVROLP01518" failures="0" tests="8" name="CSL_SearchTest" time="986.366" errors="0" timestamp="2022-03-15T18:45:40 EET" skipped="0">
  <testcase classname="CSL_SearchTest" name="testC2509" time="176.840"/>
  <system-out/>
  <testcase classname="CSL_SearchTest" name="testC2503" time="98.913"/>
  <system-out/>
  <testcase classname="CSL_SearchTest" name="testC2508" time="183.458"/>
  <system-out/>
  <testcase classname="CSL_SearchTest" name="testC2505" time="100.401"/>
  <system-out/>
  <testcase classname="CSL_SearchTest" name="testC2502" time="91.959"/>
  <system-out/>
  <testcase classname="CSL_SearchTest" name="testC2504" time="102.136"/>
  <system-out/>
  <testcase classname="CSL_SearchTest" name="testC2506" time="53.123"/>
  <system-out/>
  <testcase classname="CSL_SearchTest" name="testC2507" time="179.536"/>
  <system-out/>
</testsuite> <!-- CSL_SearchTest -->
