<?xml version="1.0" encoding="UTF-8"?>
<!-- Generated by org.testng.reporters.JUnitReportReporter -->
<testsuite hostname="SVROLP01518" failures="0" tests="3" name="RSL_AdminManager_Accounts_SchoolSlTest" time="251.559" errors="0" timestamp="2022-03-15T18:17:14 EET" skipped="0">
  <testcase classname="RSL_AdminManager_Accounts_SchoolSlTest" name="testC2335" time="107.823"/>
  <system-out/>
  <testcase classname="RSL_AdminManager_Accounts_SchoolSlTest" name="testC2336" time="34.627"/>
  <system-out/>
  <testcase classname="RSL_AdminManager_Accounts_SchoolSlTest" name="testC2334" time="109.109"/>
  <system-out/>
</testsuite> <!-- RSL_AdminManager_Accounts_SchoolSlTest -->
