<?xml version="1.0" encoding="UTF-8"?>
<!-- Generated by org.testng.reporters.JUnitReportReporter -->
<testsuite hostname="SVROLP01518" failures="0" tests="1" name="CSL_AdminManager_ContentTest" time="208.722" errors="0" timestamp="2022-03-15T19:53:27 EET" skipped="0">
  <testcase classname="CSL_AdminManager_ContentTest" name="testC2549" time="208.722"/>
  <system-out/>
</testsuite> <!-- CSL_AdminManager_ContentTest -->
