<?xml version="1.0" encoding="UTF-8"?>
<!-- Generated by org.testng.reporters.JUnitReportReporter -->
<testsuite hostname="SVROLP01518" failures="0" tests="12" name="RSL_RrpSearchTest" time="1069.473" errors="0" timestamp="2022-03-02T11:56:43 EET" skipped="0">
  <testcase classname="RSL_RrpSearchTest" name="testC2394" time="57.379"/>
  <system-out/>
  <testcase classname="RSL_RrpSearchTest" name="testC2387" time="146.378"/>
  <system-out/>
  <testcase classname="RSL_RrpSearchTest" name="testC2395" time="72.048"/>
  <system-out/>
  <testcase classname="RSL_RrpSearchTest" name="testC2393" time="71.169"/>
  <system-out/>
  <testcase classname="RSL_RrpSearchTest" name="testC2386" time="137.184"/>
  <system-out/>
  <testcase classname="RSL_RrpSearchTest" name="testC2389" time="98.623"/>
  <system-out/>
  <testcase classname="RSL_RrpSearchTest" name="testC2390" time="101.453"/>
  <system-out/>
  <testcase classname="RSL_RrpSearchTest" name="testC2396" time="76.549"/>
  <system-out/>
  <testcase classname="RSL_RrpSearchTest" name="testC2392" time="68.640"/>
  <system-out/>
  <testcase classname="RSL_RrpSearchTest" name="testC2385" time="85.458"/>
  <system-out/>
  <testcase classname="RSL_RrpSearchTest" name="testC2388" time="89.855"/>
  <system-out/>
  <testcase classname="RSL_RrpSearchTest" name="testC2391" time="64.737"/>
  <system-out/>
</testsuite> <!-- RSL_RrpSearchTest -->
