<?xml version="1.0" encoding="UTF-8"?>
<!-- Generated by org.testng.reporters.JUnitReportReporter -->
<testsuite hostname="SVROLP01518" failures="0" tests="8" name="RSL_BrowseResourceDirectory_SubjectsTest" time="474.326" errors="0" timestamp="2022-03-15T18:17:14 EET" skipped="0">
  <testcase classname="RSL_BrowseResourceDirectory_SubjectsTest" name="testC2414" time="49.418"/>
  <system-out/>
  <testcase classname="RSL_BrowseResourceDirectory_SubjectsTest" name="testC2410" time="90.991"/>
  <system-out/>
  <testcase classname="RSL_BrowseResourceDirectory_SubjectsTest" name="testC2412" time="59.550"/>
  <system-out/>
  <testcase classname="RSL_BrowseResourceDirectory_SubjectsTest" name="testC2413" time="63.261"/>
  <system-out/>
  <testcase classname="RSL_BrowseResourceDirectory_SubjectsTest" name="testC2415" time="50.248"/>
  <system-out/>
  <testcase classname="RSL_BrowseResourceDirectory_SubjectsTest" name="testC2409" time="49.091"/>
  <system-out/>
  <testcase classname="RSL_BrowseResourceDirectory_SubjectsTest" name="testC2411" time="66.111"/>
  <system-out/>
  <testcase classname="RSL_BrowseResourceDirectory_SubjectsTest" name="testC2416" time="45.656"/>
  <system-out/>
</testsuite> <!-- RSL_BrowseResourceDirectory_SubjectsTest -->
