<?xml version="1.0" encoding="UTF-8"?>
<!-- Generated by org.testng.reporters.JUnitReportReporter -->
<testsuite hostname="SVROLP01518" failures="0" tests="5" name="RSL_EditFolderTest" time="572.379" errors="0" timestamp="2022-03-02T11:56:43 EET" skipped="0">
  <testcase classname="RSL_EditFolderTest" name="testC2366" time="89.134"/>
  <system-out/>
  <testcase classname="RSL_EditFolderTest" name="testC2365" time="56.857"/>
  <system-out/>
  <testcase classname="RSL_EditFolderTest" name="testC2368" time="154.938"/>
  <system-out/>
  <testcase classname="RSL_EditFolderTest" name="testC2369" time="59.441"/>
  <system-out/>
  <testcase classname="RSL_EditFolderTest" name="testC2367" time="212.009"/>
  <system-out/>
</testsuite> <!-- RSL_EditFolderTest -->
