<?xml version="1.0" encoding="UTF-8"?>
<!-- Generated by org.testng.reporters.JUnitReportReporter -->
<testsuite hostname="SVROLP01518" failures="0" tests="7" name="RSL_SearchTest" time="738.315" errors="0" timestamp="2022-03-15T18:17:15 EET" skipped="0">
  <testcase classname="RSL_SearchTest" name="testC2381" time="192.601"/>
  <system-out/>
  <testcase classname="RSL_SearchTest" name="testC2380" time="187.487"/>
  <system-out/>
  <testcase classname="RSL_SearchTest" name="testC2379" time="43.099"/>
  <system-out/>
  <testcase classname="RSL_SearchTest" name="testC2378" time="53.644"/>
  <system-out/>
  <testcase classname="RSL_SearchTest" name="testC2383" time="95.212"/>
  <system-out/>
  <testcase classname="RSL_SearchTest" name="testC2384" time="94.576"/>
  <system-out/>
  <testcase classname="RSL_SearchTest" name="testC2382" time="71.696"/>
  <system-out/>
</testsuite> <!-- RSL_SearchTest -->
