<?xml version="1.0" encoding="UTF-8"?>
<!-- Generated by org.testng.reporters.JUnitReportReporter -->
<testsuite hostname="SVROLP01518" failures="0" tests="5" name="CSL_CollectionPlayerTest" time="581.710" errors="0" timestamp="2022-03-15T18:45:40 EET" skipped="0">
  <testcase classname="CSL_CollectionPlayerTest" name="testC2544" time="81.784"/>
  <system-out/>
  <testcase classname="CSL_CollectionPlayerTest" name="testC2547" time="219.676"/>
  <system-out/>
  <testcase classname="CSL_CollectionPlayerTest" name="testC25451" time="80.325"/>
  <system-out/>
  <testcase classname="CSL_CollectionPlayerTest" name="testC2546" time="70.527"/>
  <system-out/>
  <testcase classname="CSL_CollectionPlayerTest" name="testC2543" time="129.398"/>
  <system-out/>
</testsuite> <!-- CSL_CollectionPlayerTest -->
