<?xml version="1.0" encoding="UTF-8"?>
<!-- Generated by org.testng.reporters.JUnitReportReporter -->
<testsuite hostname="SVROLP01518" failures="0" tests="5" name="CSL_BrowseResourceDirectory_MainPageTest" time="509.988" errors="0" timestamp="2022-03-15T18:45:40 EET" skipped="0">
  <testcase classname="CSL_BrowseResourceDirectory_MainPageTest" name="testC2475" time="23.704"/>
  <system-out/>
  <testcase classname="CSL_BrowseResourceDirectory_MainPageTest" name="testC2476" time="45.074"/>
  <system-out/>
  <testcase classname="CSL_BrowseResourceDirectory_MainPageTest" name="testC2472" time="89.016"/>
  <system-out/>
  <testcase classname="CSL_BrowseResourceDirectory_MainPageTest" name="testC2474" time="249.700"/>
  <system-out/>
  <testcase classname="CSL_BrowseResourceDirectory_MainPageTest" name="testC2473" time="102.494"/>
  <system-out/>
</testsuite> <!-- CSL_BrowseResourceDirectory_MainPageTest -->
