<?xml version="1.0" encoding="UTF-8"?>
<!-- Generated by org.testng.reporters.JUnitReportReporter -->
<testsuite hostname="SVROLP01518" failures="0" tests="16" name="RSL_CurriculumManagerTest" time="1674.006" errors="0" timestamp="2022-03-15T18:17:14 EET" skipped="0">
  <testcase classname="RSL_CurriculumManagerTest" name="testC2359" time="71.347"/>
  <system-out/>
  <testcase classname="RSL_CurriculumManagerTest" name="testC2350" time="71.897"/>
  <system-out/>
  <testcase classname="RSL_CurriculumManagerTest" name="testC2351" time="241.366"/>
  <system-out/>
  <testcase classname="RSL_CurriculumManagerTest" name="testC2357" time="65.382"/>
  <system-out/>
  <testcase classname="RSL_CurriculumManagerTest" name="testC2354" time="73.616"/>
  <system-out/>
  <testcase classname="RSL_CurriculumManagerTest" name="testC2362" time="124.957"/>
  <system-out/>
  <testcase classname="RSL_CurriculumManagerTest" name="testC2349" time="98.143"/>
  <system-out/>
  <testcase classname="RSL_CurriculumManagerTest" name="testC2361" time="179.231"/>
  <system-out/>
  <testcase classname="RSL_CurriculumManagerTest" name="testC2348" time="72.677"/>
  <system-out/>
  <testcase classname="RSL_CurriculumManagerTest" name="testC2358" time="67.874"/>
  <system-out/>
  <testcase classname="RSL_CurriculumManagerTest" name="testC2352" time="262.218"/>
  <system-out/>
  <testcase classname="RSL_CurriculumManagerTest" name="testC2360" time="94.797"/>
  <system-out/>
  <testcase classname="RSL_CurriculumManagerTest" name="testC2353" time="74.387"/>
  <system-out/>
  <testcase classname="RSL_CurriculumManagerTest" name="testC2347" time="31.931"/>
  <system-out/>
  <testcase classname="RSL_CurriculumManagerTest" name="testC2355" time="76.170"/>
  <system-out/>
  <testcase classname="RSL_CurriculumManagerTest" name="testC2356" time="68.013"/>
  <system-out/>
</testsuite> <!-- RSL_CurriculumManagerTest -->
