<?xml version="1.0" encoding="UTF-8"?>
<!-- Generated by org.testng.reporters.JUnitReportReporter -->
<testsuite hostname="SVROLP01518" failures="0" tests="3" name="RSL_SharedWithMe_CanEditTest" time="306.822" errors="0" timestamp="2022-03-02T11:56:43 EET" skipped="0">
  <testcase classname="RSL_SharedWithMe_CanEditTest" name="testC2327" time="111.469"/>
  <system-out/>
  <testcase classname="RSL_SharedWithMe_CanEditTest" name="testC2328" time="79.355"/>
  <system-out/>
  <testcase classname="RSL_SharedWithMe_CanEditTest" name="testC2329" time="115.998"/>
  <system-out/>
</testsuite> <!-- RSL_SharedWithMe_CanEditTest -->
