<?xml version="1.0" encoding="UTF-8"?>
<!-- Generated by org.testng.reporters.JUnitReportReporter -->
<testsuite hostname="SVROLP01518" failures="0" tests="2" name="CSL_HeaderTest" time="145.724" errors="0" timestamp="2022-03-15T18:45:40 EET" skipped="0">
  <testcase classname="CSL_HeaderTest" name="testC2479" time="89.239"/>
  <system-out/>
  <testcase classname="CSL_HeaderTest" name="testC2480" time="56.485"/>
  <system-out/>
</testsuite> <!-- CSL_HeaderTest -->
