<?xml version="1.0" encoding="UTF-8"?>
<!-- Generated by org.testng.reporters.JUnitReportReporter -->
<testsuite hostname="SVROLP01518" failures="0" tests="5" name="User_BrowseResourceDirectory_MainPageTest" time="544.643" errors="1" timestamp="2022-03-02T12:15:58 EET" skipped="0">
  <testcase classname="User_BrowseResourceDirectory_MainPageTest" name="testC2300" time="274.854"/>
  <system-out/>
  <testcase classname="User_BrowseResourceDirectory_MainPageTest" name="testC2301" time="52.955"/>
  <system-out/>
  <testcase classname="User_BrowseResourceDirectory_MainPageTest" name="testC2302" time="47.241"/>
  <system-out/>
  <testcase classname="User_BrowseResourceDirectory_MainPageTest" name="testC2298" time="77.577">
    <error message="Unable to click on webElement [[FirefoxDriver: firefox on WINDOWS (3173179e-4d7b-4991-9fa5-e81364774d62)] -&gt; css selector: h4 [href*=&#039;/math&#039;]]" type="java.lang.Error">
      <![CDATA[java.lang.Error: Unable to click on webElement [[FirefoxDriver: firefox on WINDOWS (3173179e-4d7b-4991-9fa5-e81364774d62)] -> css selector: h4 [href*='/math']]
at com.lessonplanet.pages.LpUiBasePage.clickElement(LpUiBasePage.java:169)
at com.lessonplanet.pages.LpUiBasePage.clickElement(LpUiBasePage.java:148)
at com.lessonplanet.pages.DirectoryPage.clickOnMathSubjectLink(DirectoryPage.java:101)
at User_BrowseResourceDirectory_MainPageTest.testPageUi(User_BrowseResourceDirectory_MainPageTest.java:116)
at User_BrowseResourceDirectory_MainPageTest.testC2298(User_BrowseResourceDirectory_MainPageTest.java:47)
at java.base/jdk.internal.reflect.NativeMethodAccessorImpl.invoke0(Native Method)
at java.base/jdk.internal.reflect.NativeMethodAccessorImpl.invoke(NativeMethodAccessorImpl.java:62)
at java.base/jdk.internal.reflect.DelegatingMethodAccessorImpl.invoke(DelegatingMethodAccessorImpl.java:43)
at java.base/java.lang.reflect.Method.invoke(Method.java:566)
at org.testng.internal.MethodInvocationHelper.invokeMethod(MethodInvocationHelper.java:134)
at org.testng.internal.TestInvoker.invokeMethod(TestInvoker.java:597)
at org.testng.internal.TestInvoker.invokeTestMethod(TestInvoker.java:173)
at org.testng.internal.MethodRunner.runInSequence(MethodRunner.java:46)
at org.testng.internal.TestInvoker$MethodInvocationAgent.invoke(TestInvoker.java:816)
at org.testng.internal.TestInvoker.invokeTestMethods(TestInvoker.java:146)
at org.testng.internal.TestMethodWorker.invokeTestMethods(TestMethodWorker.java:146)
at org.testng.internal.TestMethodWorker.run(TestMethodWorker.java:128)
at java.base/java.util.ArrayList.forEach(ArrayList.java:1540)
at org.testng.TestRunner.privateRun(TestRunner.java:766)
at org.testng.TestRunner.run(TestRunner.java:587)
at org.testng.SuiteRunner.runTest(SuiteRunner.java:384)
at org.testng.SuiteRunner.runSequentially(SuiteRunner.java:378)
at org.testng.SuiteRunner.privateRun(SuiteRunner.java:337)
at org.testng.SuiteRunner.run(SuiteRunner.java:286)
at org.testng.SuiteRunnerWorker.runSuite(SuiteRunnerWorker.java:53)
at org.testng.SuiteRunnerWorker.run(SuiteRunnerWorker.java:96)
at org.testng.TestNG.runSuitesSequentially(TestNG.java:1187)
at org.testng.TestNG.runSuitesLocally(TestNG.java:1109)
at org.testng.TestNG.runSuites(TestNG.java:1039)
at org.testng.TestNG.run(TestNG.java:1007)
at com.intellij.rt.testng.IDEARemoteTestNG.run(IDEARemoteTestNG.java:66)
at com.intellij.rt.testng.RemoteTestNGStarter.main(RemoteTestNGStarter.java:110)
]]>
    </error>
  </testcase> <!-- testC2298 -->
  <system-out/>
  <testcase classname="User_BrowseResourceDirectory_MainPageTest" name="testC2299" time="92.016"/>
  <system-out/>
</testsuite> <!-- User_BrowseResourceDirectory_MainPageTest -->
