<?xml version="1.0" encoding="UTF-8"?>
<!-- Generated by org.testng.reporters.JUnitReportReporter -->
<testsuite hostname="SVROLP01518" failures="0" tests="16" name="Cobb_CurriculumManagerTest" time="1756.954" errors="0" timestamp="2022-03-15T18:03:26 EET" skipped="0">
  <testcase classname="Cobb_CurriculumManagerTest" name="testC2582" time="70.655"/>
  <system-out/>
  <testcase classname="Cobb_CurriculumManagerTest" name="testC2578" time="91.552"/>
  <system-out/>
  <testcase classname="Cobb_CurriculumManagerTest" name="testC2588" time="170.146"/>
  <system-out/>
  <testcase classname="Cobb_CurriculumManagerTest" name="testC2576" time="76.968"/>
  <system-out/>
  <testcase classname="Cobb_CurriculumManagerTest" name="testC2575" time="31.530"/>
  <system-out/>
  <testcase classname="Cobb_CurriculumManagerTest" name="testC2585" time="73.558"/>
  <system-out/>
  <testcase classname="Cobb_CurriculumManagerTest" name="testC2581" time="71.073"/>
  <system-out/>
  <testcase classname="Cobb_CurriculumManagerTest" name="testC2590" time="110.402"/>
  <system-out/>
  <testcase classname="Cobb_CurriculumManagerTest" name="testC2587" time="75.181"/>
  <system-out/>
  <testcase classname="Cobb_CurriculumManagerTest" name="testC2579" time="262.119"/>
  <system-out/>
  <testcase classname="Cobb_CurriculumManagerTest" name="testC2580" time="308.305"/>
  <system-out/>
  <testcase classname="Cobb_CurriculumManagerTest" name="testC2584" time="74.429"/>
  <system-out/>
  <testcase classname="Cobb_CurriculumManagerTest" name="testC2586" time="76.505"/>
  <system-out/>
  <testcase classname="Cobb_CurriculumManagerTest" name="testC2583" time="71.482"/>
  <system-out/>
  <testcase classname="Cobb_CurriculumManagerTest" name="testC2589" time="83.387"/>
  <system-out/>
  <testcase classname="Cobb_CurriculumManagerTest" name="testC2577" time="109.662"/>
  <system-out/>
</testsuite> <!-- Cobb_CurriculumManagerTest -->
