<?xml version="1.0" encoding="UTF-8"?>
<!-- Generated by org.testng.reporters.JUnitReportReporter -->
<testsuite hostname="SVROLP01518" failures="0" tests="1" name="User_CalendarTest" time="200.047" errors="0" timestamp="2022-03-17T12:06:18 EET" skipped="0">
  <testcase classname="User_CalendarTest" name="testC2305" time="200.047"/>
  <system-out/>
</testsuite> <!-- User_CalendarTest -->
