<?xml version="1.0" encoding="UTF-8"?>
<!-- Generated by org.testng.reporters.JUnitReportReporter -->
<testsuite hostname="SVROLP01518" failures="0" tests="8" name="CSL_BrowseResourceDirectory_SubjectsTest" time="543.116" errors="0" timestamp="2022-03-15T18:45:40 EET" skipped="0">
  <testcase classname="CSL_BrowseResourceDirectory_SubjectsTest" name="testC2465" time="113.562"/>
  <system-out/>
  <testcase classname="CSL_BrowseResourceDirectory_SubjectsTest" name="testC2466" time="67.998"/>
  <system-out/>
  <testcase classname="CSL_BrowseResourceDirectory_SubjectsTest" name="testC2469" time="88.187"/>
  <system-out/>
  <testcase classname="CSL_BrowseResourceDirectory_SubjectsTest" name="testC2468" time="71.104"/>
  <system-out/>
  <testcase classname="CSL_BrowseResourceDirectory_SubjectsTest" name="testC2470" time="49.326"/>
  <system-out/>
  <testcase classname="CSL_BrowseResourceDirectory_SubjectsTest" name="testC2467" time="65.497"/>
  <system-out/>
  <testcase classname="CSL_BrowseResourceDirectory_SubjectsTest" name="testC2471" time="37.609"/>
  <system-out/>
  <testcase classname="CSL_BrowseResourceDirectory_SubjectsTest" name="testC2464" time="49.833"/>
  <system-out/>
</testsuite> <!-- CSL_BrowseResourceDirectory_SubjectsTest -->
