<?xml version="1.0" encoding="UTF-8"?>
<!-- Generated by org.testng.reporters.JUnitReportReporter -->
<testsuite hostname="SVROLP01518" failures="0" tests="4" name="RSL_AdminManager_ContentTest" time="229.701" errors="0" timestamp="2022-03-15T18:17:15 EET" skipped="0">
  <testcase classname="RSL_AdminManager_ContentTest" name="testC2375" time="71.535"/>
  <system-out/>
  <testcase classname="RSL_AdminManager_ContentTest" name="testC2373" time="84.635"/>
  <system-out/>
  <testcase classname="RSL_AdminManager_ContentTest" name="testC2372" time="39.593"/>
  <system-out/>
  <testcase classname="RSL_AdminManager_ContentTest" name="testC2374" time="33.938"/>
  <system-out/>
</testsuite> <!-- RSL_AdminManager_ContentTest -->
