<?xml version="1.0" encoding="UTF-8"?>
<!-- Generated by org.testng.reporters.JUnitReportReporter -->
<testsuite hostname="SVROLP01518" failures="0" tests="2" name="User_AccountManagement_StepTwoTest" time="78.164" errors="0" timestamp="2022-03-17T09:39:11 EET" skipped="0">
  <testcase classname="User_AccountManagement_StepTwoTest" name="testC2558" time="41.255"/>
  <system-out/>
  <testcase classname="User_AccountManagement_StepTwoTest" name="testC2557" time="36.909"/>
  <system-out/>
</testsuite> <!-- User_AccountManagement_StepTwoTest -->
