<?xml version="1.0" encoding="UTF-8"?>
<!-- Generated by org.testng.reporters.JUnitReportReporter -->
<testsuite hostname="SVROLP01518" failures="0" tests="1" name="RSL_CalendarTest" time="107.648" errors="0" timestamp="2022-03-02T11:56:43 EET" skipped="0">
  <testcase classname="RSL_CalendarTest" name="testC2371" time="107.648"/>
  <system-out/>
</testsuite> <!-- RSL_CalendarTest -->
