<?xml version="1.0" encoding="UTF-8"?>
<!-- Generated by org.testng.reporters.JUnitReportReporter -->
<testsuite hostname="SVROLP01518" failures="0" tests="10" name="Cobb_RrpSearchTest" time="665.060" errors="0" timestamp="2022-03-15T18:03:27 EET" skipped="0">
  <testcase classname="Cobb_RrpSearchTest" name="testC2570" time="63.612"/>
  <system-out/>
  <testcase classname="Cobb_RrpSearchTest" name="testC2566" time="69.725"/>
  <system-out/>
  <testcase classname="Cobb_RrpSearchTest" name="testC2571" time="75.932"/>
  <system-out/>
  <testcase classname="Cobb_RrpSearchTest" name="testC2573" time="62.024"/>
  <system-out/>
  <testcase classname="Cobb_RrpSearchTest" name="testC2572" time="65.312"/>
  <system-out/>
  <testcase classname="Cobb_RrpSearchTest" name="testC2569" time="63.430"/>
  <system-out/>
  <testcase classname="Cobb_RrpSearchTest" name="testC2568" time="55.282"/>
  <system-out/>
  <testcase classname="Cobb_RrpSearchTest" name="testC2567" time="64.608"/>
  <system-out/>
  <testcase classname="Cobb_RrpSearchTest" name="testC2565" time="73.355"/>
  <system-out/>
  <testcase classname="Cobb_RrpSearchTest" name="testC2574" time="71.780"/>
  <system-out/>
</testsuite> <!-- Cobb_RrpSearchTest -->
