<?xml version="1.0" encoding="UTF-8"?>
<!-- Generated by org.testng.reporters.JUnitReportReporter -->
<testsuite hostname="SVROLP01518" failures="0" tests="1" name="Cobb_CalendarTest" time="134.196" errors="0" timestamp="2022-03-15T18:03:27 EET" skipped="0">
  <testcase classname="Cobb_CalendarTest" name="testC2640" time="134.196"/>
  <system-out/>
</testsuite> <!-- Cobb_CalendarTest -->
