<?xml version="1.0" encoding="UTF-8"?>
<!-- Generated by org.testng.reporters.JUnitReportReporter -->
<testsuite hostname="SVROLP01518" failures="0" tests="3" name="CSL_SharedByMyDistrictTest" time="209.247" errors="0" timestamp="2022-03-15T18:45:40 EET" skipped="0">
  <testcase classname="CSL_SharedByMyDistrictTest" name="testC2451" time="105.123"/>
  <system-out/>
  <testcase classname="CSL_SharedByMyDistrictTest" name="testC2450" time="51.144"/>
  <system-out/>
  <testcase classname="CSL_SharedByMyDistrictTest" name="testC2452" time="52.980"/>
  <system-out/>
</testsuite> <!-- CSL_SharedByMyDistrictTest -->
