<?xml version="1.0" encoding="UTF-8"?>
<!-- Generated by org.testng.reporters.JUnitReportReporter -->
<testsuite hostname="SVROLP01518" failures="0" tests="4" name="CSL_SharedWithMe_CanViewTest" time="285.838" errors="0" timestamp="2022-03-02T12:21:00 EET" skipped="0">
  <testcase classname="CSL_SharedWithMe_CanViewTest" name="testC2553" time="27.625"/>
  <system-out/>
  <testcase classname="CSL_SharedWithMe_CanViewTest" name="testC2554" time="116.588"/>
  <system-out/>
  <testcase classname="CSL_SharedWithMe_CanViewTest" name="testC2555" time="66.473"/>
  <system-out/>
  <testcase classname="CSL_SharedWithMe_CanViewTest" name="testC2556" time="75.152"/>
  <system-out/>
</testsuite> <!-- CSL_SharedWithMe_CanViewTest -->
