<?xml version="1.0" encoding="UTF-8"?>
<!-- Generated by org.testng.reporters.JUnitReportReporter -->
<testsuite hostname="SVROLP01518" failures="0" tests="2" name="User_ArticlesTest" time="69.407" errors="0" timestamp="2022-03-02T12:15:58 EET" skipped="0">
  <testcase classname="User_ArticlesTest" name="testC2303" time="44.131"/>
  <system-out/>
  <testcase classname="User_ArticlesTest" name="testC2304" time="25.276"/>
  <system-out/>
</testsuite> <!-- User_ArticlesTest -->
