<?xml version="1.0" encoding="UTF-8"?>
<!-- Generated by org.testng.reporters.JUnitReportReporter -->
<testsuite hostname="SVROLP01518" failures="0" tests="7" name="RSL_PublishFolderTest" time="1007.128" errors="0" timestamp="2022-03-02T11:56:43 EET" skipped="0">
  <testcase classname="RSL_PublishFolderTest" name="testC2337" time="112.298"/>
  <system-out/>
  <testcase classname="RSL_PublishFolderTest" name="testC2340" time="123.076"/>
  <system-out/>
  <testcase classname="RSL_PublishFolderTest" name="testC2341" time="172.659"/>
  <system-out/>
  <testcase classname="RSL_PublishFolderTest" name="testC2342" time="189.927"/>
  <system-out/>
  <testcase classname="RSL_PublishFolderTest" name="testC2343" time="109.993"/>
  <system-out/>
  <testcase classname="RSL_PublishFolderTest" name="testC2338" time="136.844"/>
  <system-out/>
  <testcase classname="RSL_PublishFolderTest" name="testC2339" time="162.331"/>
  <system-out/>
</testsuite> <!-- RSL_PublishFolderTest -->
