<?xml version="1.0" encoding="UTF-8"?>
<!-- Generated by org.testng.reporters.JUnitReportReporter -->
<testsuite hostname="SVROLP01518" failures="0" tests="4" name="Cobb_SharedWithMe_CanViewTest" time="307.862" errors="0" timestamp="2022-03-15T18:03:26 EET" skipped="0">
  <testcase classname="Cobb_SharedWithMe_CanViewTest" name="testC2559" time="20.536"/>
  <system-out/>
  <testcase classname="Cobb_SharedWithMe_CanViewTest" name="testC2560" time="132.042"/>
  <system-out/>
  <testcase classname="Cobb_SharedWithMe_CanViewTest" name="testC2561" time="85.340"/>
  <system-out/>
  <testcase classname="Cobb_SharedWithMe_CanViewTest" name="testC2562" time="69.944"/>
  <system-out/>
</testsuite> <!-- Cobb_SharedWithMe_CanViewTest -->
