<?xml version="1.0" encoding="UTF-8"?>
<!-- Generated by org.testng.reporters.JUnitReportReporter -->
<testsuite hostname="SVROLP01518" failures="0" tests="12" name="Cobb_HomepageTest" time="805.845" errors="0" timestamp="2022-03-15T18:03:26 EET" skipped="0">
  <testcase classname="Cobb_HomepageTest" name="testLessonp_5291" time="311.225"/>
  <system-out/>
  <testcase classname="Cobb_HomepageTest" name="testLessonp_5297" time="40.313"/>
  <system-out/>
  <testcase classname="Cobb_HomepageTest" name="testLessonp_5288" time="36.644"/>
  <system-out/>
  <testcase classname="Cobb_HomepageTest" name="testLessonp_5295" time="119.009"/>
  <system-out/>
  <testcase classname="Cobb_HomepageTest" name="testLessonp_5289" time="33.930"/>
  <system-out/>
  <testcase classname="Cobb_HomepageTest" name="testLessonp_5302" time="38.046"/>
  <system-out/>
  <testcase classname="Cobb_HomepageTest" name="testLessonp_5301" time="41.141"/>
  <system-out/>
  <testcase classname="Cobb_HomepageTest" name="testLessonp_5298" time="42.581"/>
  <system-out/>
  <testcase classname="Cobb_HomepageTest" name="testLessonp_5296" time="41.090"/>
  <system-out/>
  <testcase classname="Cobb_HomepageTest" name="testLessonp_5300" time="30.280"/>
  <system-out/>
  <testcase classname="Cobb_HomepageTest" name="testLessonp_5286" time="42.969"/>
  <system-out/>
  <testcase classname="Cobb_HomepageTest" name="testLessonp_5290" time="28.617"/>
  <system-out/>
</testsuite> <!-- Cobb_HomepageTest -->
