<?xml version="1.0" encoding="UTF-8"?>
<!-- Generated by org.testng.reporters.JUnitReportReporter -->
<testsuite hostname="SVROLP01518" failures="0" tests="2" name="User_AccountManagement_LoginTest" time="51.651" errors="0" timestamp="2022-03-02T09:42:45 EET" skipped="0">
  <testcase classname="User_AccountManagement_LoginTest" name="testC2136" time="25.253"/>
  <system-out/>
  <testcase classname="User_AccountManagement_LoginTest" name="testC2256" time="26.398"/>
  <system-out/>
</testsuite> <!-- User_AccountManagement_LoginTest -->
