<?xml version="1.0" encoding="UTF-8"?>
<!-- Generated by org.testng.reporters.JUnitReportReporter -->
<testsuite hostname="SVROLP01518" failures="0" tests="2" name="Cobb_HeaderTest" time="101.250" errors="0" timestamp="2022-03-15T18:03:26 EET" skipped="0">
  <testcase classname="Cobb_HeaderTest" name="testC2624" time="58.601"/>
  <system-out/>
  <testcase classname="Cobb_HeaderTest" name="testC2623" time="42.649"/>
  <system-out/>
</testsuite> <!-- Cobb_HeaderTest -->
