<?xml version="1.0" encoding="UTF-8"?>
<!-- Generated by org.testng.reporters.JUnitReportReporter -->
<testsuite hostname="SVROLP01518" failures="0" tests="5" name="RSL_BrowseResourceDirectory_MainPageTest" time="373.393" errors="0" timestamp="2022-03-02T11:56:43 EET" skipped="0">
  <testcase classname="RSL_BrowseResourceDirectory_MainPageTest" name="testC2406" time="172.674"/>
  <system-out/>
  <testcase classname="RSL_BrowseResourceDirectory_MainPageTest" name="testC2408" time="39.050"/>
  <system-out/>
  <testcase classname="RSL_BrowseResourceDirectory_MainPageTest" name="testC2407" time="31.541"/>
  <system-out/>
  <testcase classname="RSL_BrowseResourceDirectory_MainPageTest" name="testC2404" time="68.282"/>
  <system-out/>
  <testcase classname="RSL_BrowseResourceDirectory_MainPageTest" name="testC2405" time="61.846"/>
  <system-out/>
</testsuite> <!-- RSL_BrowseResourceDirectory_MainPageTest -->
