<?xml version="1.0" encoding="UTF-8"?>
<!-- Generated by org.testng.reporters.JUnitReportReporter -->
<testsuite hostname="SVROLP01518" failures="0" tests="5" name="Cobb_BrowseResourceDirectory_MainPageTest" time="478.746" errors="0" timestamp="2022-03-02T11:36:45 EET" skipped="0">
  <testcase classname="Cobb_BrowseResourceDirectory_MainPageTest" name="testC2618" time="89.169"/>
  <system-out/>
  <testcase classname="Cobb_BrowseResourceDirectory_MainPageTest" name="testC2619" time="83.659"/>
  <system-out/>
  <testcase classname="Cobb_BrowseResourceDirectory_MainPageTest" name="testC2621" time="29.282"/>
  <system-out/>
  <testcase classname="Cobb_BrowseResourceDirectory_MainPageTest" name="testC2620" time="231.981"/>
  <system-out/>
  <testcase classname="Cobb_BrowseResourceDirectory_MainPageTest" name="testC2622" time="44.655"/>
  <system-out/>
</testsuite> <!-- Cobb_BrowseResourceDirectory_MainPageTest -->
