<?xml version="1.0" encoding="UTF-8"?>
<!-- Generated by org.testng.reporters.JUnitReportReporter -->
<testsuite hostname="SVROLP01518" failures="0" tests="2" name="Cobb_CollectionBuilderTest" time="303.082" errors="0" timestamp="2022-03-15T18:03:26 EET" skipped="0">
  <testcase classname="Cobb_CollectionBuilderTest" name="testC2563" time="148.417"/>
  <system-out/>
  <testcase classname="Cobb_CollectionBuilderTest" name="testC2564" time="154.665"/>
  <system-out/>
</testsuite> <!-- Cobb_CollectionBuilderTest -->
